15 477 97 8 7709 5786 11334 355 123 241 612 96 17 4 0
26 465 309 16 10852 10714 6925 2245 214 226 455 327 14 27 1
21 753 196 14 13520 12936 21074 1085 471 513 1148 224 17 21 0
27 770 334 17 11433 18453 30616 2519 351 357 829 387 18 19 0
46 704 991 44 14573 28845 8730 13340 536 268 1701 1745 31 94 1
108 1488 5702 76 50660 144810 12369 196297 5818 809 2580 7663 95 195 1
42 644 851 10 18780 24922 7586 11086 517 311 430 389 9 4 1
59 663 1671 40 17711 35303 8546 30324 879 246 1347 2094 23 87 4
40 624 761 19 14829 22516 6283 9185 521 283 738 669 20 25 1
8 204 23 5 2866 1205 4905 31 30 66 157 20 3 5 0
36 341 617 13 9597 11006 2128 6711 291 107 313 416 17 13 0
134 1178 8874 37 35878 148116 7714 387235 3755 456 970 4814 39 35 0
63 815 1929 24 24701 47291 6394 38280 1179 354 853 1398 14 33 0
62 741 1880 11 23764 41995 5997 37169 1364 333 462 642 8 9 0
28 392 374 4 11178 9862 3471 3173 297 180 118 102 5 1 0
84 864 3469 17 28849 66616 5737 93899 2295 330 454 1377 26 7 1
23 487 237 16 9081 9446 20263 1463 158 224 918 280 17 28 0
21 340 204 6 9117 6132 3313 1223 217 179 222 100 6 7 0
31 445 450 15 10320 12276 4203 4088 302 192 458 380 6 26 1
15 194 104 1 5786 2552 1273 442 64 85 32 13 2 0 0
56 872 1504 36 32580 42466 8950 25883 1802 553 1778 1732 56 103 2
26 374 319 6 10635 8625 3926 2459 223 183 261 138 9 3 0
27 527 336 15 10230 12475 9174 2564 220 204 769 347 9 14 0
12 170 59 7 4516 1556 1572 158 38 59 226 56 6 4 2
18 314 145 8 5467 4914 5980 695 60 135 292 114 6 7 0
60 1030 1739 31 37684 54063 9880 32464 2690 572 1225 1714 51 42 0
59 1087 1653 58 28811 55198 26318 29391 1654 644 4356 2933 92 182 3
76 1031 2815 35 40177 70381 7782 67763 2842 530 1146 2484 57 53 0
29 543 391 15 18541 13053 5635 3275 677 300 733 353 32 26 0
33 731 500 28 19373 21004 14593 4647 552 436 1204 752 40 55 2
77 1132 2883 43 38082 78903 11259 70052 2596 570 1845 2974 46 121 3
80 1393 3080 80 41303 99061 15951 76281 3150 706 4504 5522 91 353 4
85 1306 3516 54 40736 101338 13124 94432 3004 593 2222 4198 68 136 4
29 493 397 9 16185 12800 4983 3416 301 306 374 234 14 3 1
93 1349 4199 79 46259 111451 12944 122877 4623 693 3177 6593 117 292 4
78 1177 2943 60 40800 79991 11371 71761 3785 659 2914 4076 77 233 6
28 671 357 21 16768 16111 9614 2762 433 332 1084 483 28 30 1
42 702 846 15 25340 25914 6443 10892 1096 395 646 576 15 12 0
62 914 1843 48 30739 50545 9848 35035 1610 491 1829 2694 80 87 4
51 1013 1226 49 29396 42683 21556 18643 1824 639 4129 1965 95 215 2
36 734 588 42 20516 19644 20329 5975 662 435 4622 904 50 259 2
30 628 409 26 20455 15215 9661 3392 690 361 1507 610 55 56 2
26 539 313 12 14820 12279 7207 2322 289 356 582 269 18 8 1
19 236 165 6 4865 3890 1733 868 103 78 138 100 7 1 0
11 168 54 1 3529 1558 1526 156 38 62 42 9 2 0 0
34 539 548 13 13146 16627 6171 5588 263 262 616 376 9 20 0
17 212 133 3 4715 3193 1405 636 67 95 61 43 2 1 0
13 148 73 5 5089 1484 917 236 61 49 164 45 3 5 0
38 637 679 24 13931 21735 8633 7603 440 289 904 803 25 29 1
18 228 143 10 5079 3359 1846 670 92 90 309 133 12 12 1
23 320 242 11 7680 6381 3146 1549 109 127 415 213 13 9 0
36 317 626 4 9053 10590 1789 7004 217 105 61 136 5 0 0
18 325 143 10 6797 4861 5384 667 78 130 486 138 11 11 0
14 307 84 7 6632 3503 5526 284 70 172 328 76 10 4 0
14 219 89 2 5648 2625 2105 340 71 104 80 24 0 0 0
12 276 64 2 4771 2843 3601 201 43 121 101 18 3 1 0
24 455 265 11 8743 9835 7631 1790 128 228 338 226 18 8 0
27 422 332 19 9770 9677 4160 2484 275 202 713 408 16 32 1
36 438 616 14 12251 14234 3623 6685 358 163 348 435 16 19 1
16 161 116 4 3371 2241 1034 506 41 67 84 52 4 2 0
18 224 150 3 5849 3492 1409 770 112 74 86 45 3 0 1
62 864 1858 33 24209 48717 11058 35955 928 496 2047 1752 42 111 2
9 185 31 5 3348 1222 2183 54 25 67 196 25 6 5 0
21 356 203 7 7969 6596 3650 1202 122 204 266 123 7 5 0
36 666 615 15 14738 21423 21351 6647 411 278 1031 476 17 17 0
25 421 293 7 11294 9393 3935 2141 233 205 227 157 9 2 0
47 519 1073 8 16501 22429 3531 15860 604 213 219 350 9 5 0
8 198 27 1 3941 1286 2491 50 21 123 50 6 4 0 0
14 311 89 2 5969 3848 7661 340 70 195 51 24 2 0 0
11 136 52 3 3273 1239 1295 139 25 34 71 25 0 1 0
14 348 81 10 6800 3958 6273 255 72 238 406 98 8 11 0
23 425 251 2 11378 8777 4552 1729 253 248 65 42 1 0 0
31 548 456 9 12372 15502 7047 4239 265 290 374 251 17 5 0
13 164 78 0 3668 1908 1117 286 30 63 0 0 0 0 0
15 275 92 13 5256 3229 3473 302 79 99 439 138 12 14 1
11 275 54 1 5197 2613 4033 156 56 142 25 9 0 0 0
9 148 35 1 3285 1074 1428 77 43 51 22 7 1 0 0
11 227 55 0 4214 2206 2755 165 32 113 0 0 0 0 0
9 185 34 2 4389 1373 2147 70 23 143 59 14 1 0 0
8 100 28 0 2231 672 820 56 14 34 0 0 0 0 0
20 311 190 0 6775 5671 5328 1140 119 163 0 0 0 0 0
12 239 62 4 4618 2352 2954 183 63 98 147 34 2 3 0
27 358 326 25 8273 7912 3550 2369 171 120 1024 489 15 65 2
13 273 76 2 4803 3146 5632 265 46 107 38 20 0 1 0
15 294 102 3 6205 3888 3343 417 47 158 100 37 17 1 0
13 294 74 4 6077 3045 6863 246 39 163 393 36 6 4 0
8 177 28 0 3731 1203 2756 56 18 114 0 0 0 0 0
18 277 146 7 6802 4265 2239 709 113 107 212 102 3 5 0
10 178 44 1 3064 1520 1794 112 25 51 30 8 1 0 0
13 310 72 6 5431 3295 4723 224 69 168 273 58 7 4 0
14 225 84 7 6130 2521 1893 286 87 83 212 72 9 6 0
21 537 199 11 8848 9728 13007 1133 157 258 622 185 38 12 0
16 517 110 10 6940 6933 23279 427 106 243 590 127 10 5 1
192 2093 18216 120 63502 370445 14995 1138937 12726 1017 3524 21895 171 439 9
18 479 141 12 8759 7005 20494 651 106 295 900 142 13 19 4
29 464 386 20 10471 11470 4744 3150 304 184 872 469 21 34 1
68 969 2242 36 29982 61069 11299 47804 1288 537 1200 2249 39 62 1
71 1008 2468 17 36459 65267 8843 55994 2274 603 665 1149 40 12 0
18 281 146 7 4922 4358 2846 710 100 70 217 100 1 6 0
19 499 166 5 8315 8392 12040 884 162 202 260 85 3 0 0
15 366 101 4 6322 4738 8007 404 82 188 218 50 2 1 0
18 708 145 8 9299 10831 22437 694 367 266 433 116 19 6 0
12 165 61 5 3727 1613 1212 173 27 81 142 44 3 3 0
9 253 35 1 4192 1810 5818 77 38 144 128 7 5 0 0
8 181 26 2 3258 1096 2150 44 26 73 113 12 3 0 0
12 365 64 2 4453 3823 18711 200 38 177 112 20 2 0 0
19 396 160 11 7735 6380 8250 794 123 153 484 163 9 12 0
10 286 41 4 4644 2290 6553 91 52 111 176 26 2 3 0
16 366 104 16 6629 4493 6446 364 117 147 737 170 13 24 2
24 702 262 14 9863 14818 18635 1734 300 316 698 273 15 16 1
17 254 134 2 6704 3807 2361 651 80 80 97 28 0 1 0
19 571 154 17 8215 8747 16512 706 192 209 1091 237 28 26 0
24 529 262 14 8730 10975 14654 1731 224 156 732 278 6 15 0
3 84 2 1 1337 99 1275 0 2 52 57 1 4 0 0
15 250 99 6 4710 3160 3594 380 40 115 248 72 6 3 0
11 647 51 4 8117 5344 31841 131 230 352 646 32 10 2 0
7 158 20 1 2707 856 2141 30 22 87 46 5 1 0 0
29 661 395 11 18644 16817 13953 3363 497 341 643 285 27 6 0
80 1168 3094 66 42517 81764 10146 77263 3769 636 2752 4654 109 235 8
75 1283 2722 53 43539 84170 12311 63776 4222 743 2090 3629 119 120 0
30 612 413 22 21331 14494 9756 3520 752 369 1690 464 30 76 0
34 587 537 24 21857 16563 5733 5277 845 335 1068 647 25 59 1
41 771 790 30 24153 27289 13229 9541 870 475 1731 1068 40 51 0
53 859 1328 50 33084 38784 8089 21008 1986 469 1774 2291 69 122 5
20 534 170 20 14685 8145 8887 824 341 333 1241 273 39 42 1
25 500 282 18 15302 10555 5180 1920 328 296 719 347 35 32 1
22 277 228 3 8374 5497 2008 1482 118 98 84 56 0 2 0
47 654 1070 11 20710 28282 5574 15722 710 327 354 491 14 2 0
45 893 949 41 21048 36247 12009 12526 561 480 1821 1566 51 97 1
35 720 553 42 20482 20975 9641 5300 574 407 2259 1111 49 127 7
17 291 127 9 5784 4065 3667 560 76 93 431 107 4 11 2
27 609 325 26 11052 14025 10600 2325 217 255 1301 552 37 46 2
30 350 425 10 10087 9293 2272 3789 276 130 291 262 7 9 0
16 355 113 7 7459 4688 8429 469 69 184 495 84 2 7 0
28 718 361 17 12116 17704 27526 2856 267 397 1092 400 28 18 2
24 439 265 11 9292 9120 7295 1798 182 165 601 210 6 16 0
8 197 22 6 3146 964 3317 29 25 66 333 20 16 5 2
12 205 57 9 3823 1804 2532 146 45 102 351 61 5 10 3
20 211 188 2 4847 3828 1304 1104 65 72 51 36 0 0 0
14 373 87 4 4839 4457 6591 320 108 142 162 40 7 4 0
12 254 60 6 4175 2524 4198 169 53 66 152 43 6 7 1
20 351 176 14 5764 5990 4440 906 101 137 453 218 12 14 2
8 131 27 1 2414 847 1205 50 21 43 26 6 1 0 0
7 189 18 3 2655 918 3462 21 26 81 152 13 6 1 0
113 1474 6246 82 48732 151592 11257 225212 5446 762 2324 8752 140 166 6
33 763 504 24 18459 21783 13054 4757 510 444 1527 655 43 43 1
25 488 280 20 16084 9902 4770 1875 475 297 756 391 52 33 1
27 472 344 7 16228 11287 4678 2753 355 251 253 169 11 3 0
44 775 923 23 25778 30199 7716 12325 1081 447 904 873 30 45 1
24 389 274 2 10288 8472 4167 1980 191 196 87 44 3 0 0
16 428 108 12 5594 5319 12590 407 149 112 777 138 13 15 0
13 220 75 3 4157 2446 2453 253 50 86 90 33 2 0 0
3 78 3 0 928 154 1316 1 1 26 0 0 0 0 0
1 35 0 0 341 0 582 0 0 13 0 0 0 0 0
17 280 134 2 6813 4276 2796 650 61 141 76 30 3 0 0
22 252 229 2 7320 4897 1644 1500 178 88 39 40 0 0 0
26 441 312 13 10990 10177 4629 2298 197 226 416 292 19 10 0
34 701 531 30 20305 20429 10788 5108 563 408 1512 793 33 82 1
14 380 83 8 4738 4367 11343 272 122 135 317 88 6 4 0
14 219 90 1 8004 2661 2087 352 73 137 40 12 0 0 0
23 675 243 10 11419 13221 27853 1575 297 433 1019 183 8 12 1
15 250 103 2 5899 3340 2666 430 53 139 46 24 4 1 0
40 395 767 13 7132 14513 7857 9399 97 163 682 468 8 13 0
10 240 45 0 3879 2116 3630 120 22 97 0 0 0 0 0
23 462 237 16 7198 8946 7814 1462 212 151 740 283 27 25 1
10 337 40 5 5728 2504 11117 84 65 183 389 32 5 4 0
16 506 117 3 8477 7091 13129 518 142 343 209 42 3 0 0
24 383 268 8 7312 8396 4680 1854 102 143 193 164 8 6 0
10 495 42 3 6459 3793 26914 97 89 294 470 22 7 1 0
18 325 150 3 6318 5263 5498 770 80 117 96 44 3 2 0
9 127 32 4 2457 869 911 57 10 46 125 26 1 1 0
10 234 43 2 3566 1967 5056 104 36 71 67 16 0 0 0
12 159 63 3 3881 1579 1151 191 27 46 110 28 3 1 0
45 497 972 18 14498 20259 3972 13443 511 170 549 721 19 25 1
14 271 89 2 6520 3346 3213 341 51 111 71 22 2 1 0
20 385 189 1 6646 7134 7366 1122 84 147 11 18 1 0 0
8 225 27 1 3382 1445 3855 50 47 84 36 6 0 0 0
15 379 99 6 6195 4726 8606 382 107 202 356 68 5 5 0
8 126 28 0 3057 836 1136 56 23 54 0 0 0 0 0
13 484 73 5 9141 5093 11553 234 175 304 355 49 5 3 0
17 351 130 6 5362 5042 4091 595 137 148 292 80 4 5 0
22 614 212 19 8637 11501 29341 1199 153 239 1069 303 9 37 1
28 302 372 6 8822 7572 2251 3125 207 121 156 146 6 5 0
19 645 162 9 10716 10260 17585 824 249 312 812 137 20 8 0
15 332 100 5 5017 4226 5131 393 80 169 254 59 4 3 0
17 388 134 2 7078 5935 5278 650 91 193 87 30 2 0 0
23 345 231 22 6439 6507 3115 1344 174 106 673 393 31 33 1
1 16 0 0 351 0 114 0 0 6 0 0 0 0 0
20 379 182 8 7005 6534 4440 1001 161 155 317 134 14 5 0
12 302 60 6 4664 2917 5399 164 57 103 275 53 8 2 1
12 225 61 5 4087 2086 3573 174 70 99 237 42 6 4 0
19 547 162 9 6094 8814 17018 822 258 149 516 141 0 6 0
5 100 10 0 1543 360 1319 10 20 34 0 0 0 0 0
12 491 62 4 5617 4704 16607 181 224 133 239 38 5 1 0
10 315 43 2 3540 2656 11569 105 70 106 39 14 0 1 0
11 217 49 6 3615 1898 2749 118 16 104 230 40 5 7 0
12 219 59 7 5410 2039 3169 156 47 84 270 58 3 6 0
15 341 99 6 5938 4347 6567 384 55 169 305 64 6 7 0
1 18 0 0 236 0 147 0 0 6 0 0 0 0 0
7 128 19 2 2015 618 1566 26 26 41 88 8 5 1 0
28 405 369 9 8952 10312 3414 3049 141 218 325 220 8 7 0
8 246 25 3 3756 1447 4539 39 39 107 191 16 3 1 0
49 781 1146 30 22855 34419 7495 17057 904 427 1153 1325 54 41 1
15 372 101 4 6509 4767 9145 404 83 243 273 50 1 1 0
15 193 102 3 5128 2524 1485 417 47 57 82 37 1 1 0
14 283 88 3 4780 3465 5033 329 55 153 98 34 3 1 0
16 363 112 8 6085 4749 8533 456 90 164 494 96 11 8 0
23 420 242 11 7876 8652 7464 1552 118 247 322 207 15 12 0
26 594 300 25 14370 12831 8551 2048 293 348 1353 505 40 46 1
6 156 15 0 2115 748 2879 20 16 60 0 0 0 0 0
20 295 178 12 5487 5128 2897 945 101 135 249 174 13 21 0
34 605 529 32 19957 17461 5753 5035 578 336 1258 875 45 73 1
16 429 109 11 11511 5379 7416 425 160 283 692 118 22 15 2
60 1031 1697 73 31318 50769 18815 30476 2013 579 5854 3265 90 468 11
10 414 43 2 4625 3270 14012 104 161 128 124 16 5 0 0
9 125 35 1 3285 911 977 77 29 46 29 7 1 0 0
30 422 413 22 8493 11274 8229 3489 164 203 598 530 19 37 4
12 186 61 5 3722 1820 1891 174 39 61 144 42 2 4 0
17 502 131 5 6764 7248 10276 612 290 170 194 61 5 7 0
17 449 124 12 6328 6279 7985 518 218 147 439 147 15 12 3
6 228 13 2 3004 918 9605 13 12 56 198 6 0 1 0
17 317 133 3 5677 4757 5670 636 73 105 169 43 0 1 0
10 436 44 1 4926 3534 15794 112 173 188 38 8 3 0 0
3 81 3 0 1084 162 2241 1 0 37 0 0 0 0 0
28 506 356 22 9550 12474 7307 2762 163 241 826 461 18 48 5
6 170 13 2 2426 679 3409 12 13 77 143 8 1 0 0
13 256 77 1 4150 2914 2566 275 65 75 26 11 1 0 0
11 264 48 7 4302 2341 5179 109 22 148 251 49 2 7 0
8 134 26 2 2306 841 1164 45 18 44 59 10 1 1 0
18 440 147 6 6776 6825 7718 725 145 187 335 86 15 5 0
10 248 41 4 3897 1930 3777 90 63 112 170 28 3 2 0
5 266 10 0 2746 964 12565 10 50 88 0 0 0 0 0
7 103 17 4 1709 485 1061 19 8 40 111 12 3 4 0
12 554 66 0 6147 5504 19748 220 295 163 0 0 0 0 0
7 357 21 0 4480 2082 22069 35 30 157 0 0 0 0 0
14 409 82 9 5743 4519 7007 266 154 186 452 89 19 8 1
12 357 61 5 4734 3418 12075 174 68 117 363 42 5 4 0
22 262 227 4 6304 5125 2089 1461 127 114 103 78 10 1 0
23 355 235 18 5660 6855 3760 1422 167 132 585 321 18 27 1
12 130 62 4 3027 1245 992 182 43 48 83 36 8 2 0
35 812 557 38 20339 23881 14599 5394 549 448 2533 1048 48 103 0
36 807 605 25 24440 24744 10135 6338 1071 521 1249 754 55 48 0
13 397 70 8 5836 4030 8203 204 109 142 478 76 19 6 0
46 744 1004 31 26125 29650 8344 13889 1172 399 1414 1218 36 73 0
2 37 1 0 1020 35 307 0 1 17 0 0 0 0 0
45 972 947 43 26680 37997 13029 12421 1247 624 2153 1691 62 76 2
30 794 417 18 16678 20790 22103 3580 445 431 1296 456 25 24 0
9 260 32 4 3481 1524 10586 60 29 78 490 20 4 4 0
25 1034 273 27 16376 20891 47533 1740 714 636 2439 499 29 61 0
44 937 921 25 23799 37480 17252 12223 775 509 1175 993 43 27 1
12 341 59 7 8581 3168 6742 156 78 210 403 58 12 6 0
44 1004 907 39 22889 39359 15248 11674 938 558 1841 1503 48 66 1
22 603 213 18 13051 11031 12576 1209 219 390 1148 302 23 29 0
18 571 135 18 12742 8009 11857 557 254 367 1130 231 30 27 1
11 155 51 4 2830 1378 1321 129 18 71 130 36 3 0 0
3 81 1 2 995 73 1542 0 3 10 83 0 0 1 0
4 58 6 0 1297 158 377 4 8 24 0 0 0 0 0
2 40 1 0 387 40 600 0 0 5 0 0 0 0 0
7 120 19 2 1819 614 1209 26 10 25 82 8 2 1 0
3 91 3 0 956 172 1660 1 5 15 0 0 0 0 0
8 208 26 2 3066 1299 5089 44 18 100 119 12 1 0 0
12 498 62 4 5225 4766 17021 181 229 195 234 38 10 1 0
10 238 42 3 3602 1900 4179 97 43 116 146 22 5 1 0
2 50 1 0 474 48 692 0 1 8 0 0 0 0 0
2 50 1 0 474 48 692 0 1 8 0 0 0 0 0
7 235 21 0 3161 1296 4813 35 57 100 0 0 0 0 0
20 681 179 11 8823 11730 23386 953 266 262 661 177 8 9 1
1 14 0 0 332 0 86 0 0 5 0 0 0 0 0
3 34 3 0 686 66 216 1 1 14 0 0 0 0 0
10 205 42 3 4026 1643 3442 96 40 117 108 24 7 0 0
8 249 26 2 4118 1586 5088 45 17 122 117 10 3 1 0
7 200 21 0 3358 1128 3572 35 36 62 0 0 0 0 0
31 743 432 33 16811 19484 10947 3610 482 393 1754 813 44 72 0
23 421 245 8 12680 8504 4357 1609 207 215 314 156 15 6 0
36 735 608 22 20804 23232 8522 6430 727 408 979 675 30 32 3
18 358 140 13 6528 5443 5013 629 128 163 373 167 7 19 1
12 243 64 2 5034 2527 2826 200 36 98 74 20 0 0 0
14 293 88 3 8386 3347 4816 331 87 164 270 30 9 3 0
23 539 241 12 12777 10659 8630 1532 248 378 663 226 20 13 0
28 538 365 13 17703 12912 5601 2950 519 314 524 314 26 12 0
30 692 412 23 20905 17268 9980 3468 682 463 1370 541 33 50 1
28 569 364 14 16328 13472 9213 2934 462 344 937 320 15 22 0
30 713 421 14 16352 18949 14696 3682 454 420 800 364 10 14 0
23 729 242 11 10665 14576 17543 1544 316 333 772 223 29 4 0
34 788 545 16 20631 22922 21820 5503 713 494 1608 450 24 31 0
5 187 9 1 3966 627 3860 7 16 129 85 3 2 0 0
2 55 1 0 779 53 846 0 1 15 0 0 0 0 0
35 728 557 38 19899 21349 9669 5386 686 454 1875 1071 78 81 7
19 557 162 9 10819 8988 9541 823 228 321 554 139 14 7 0
15 402 93 12 10583 4374 7291 317 175 309 842 120 31 18 0
8 179 26 2 3444 1017 3972 45 16 73 200 10 2 1 0
24 438 269 7 16168 8903 4177 1873 428 296 287 148 14 3 0
10 349 40 5 4598 2651 12385 83 72 123 318 34 14 3 0
13 609 74 4 8057 6532 21754 243 214 269 308 42 20 1 0
4 274 6 0 2618 710 12963 4 56 66 0 0 0 0 0
9 441 35 1 5428 3296 17303 77 97 167 36 7 1 0 0
14 366 86 5 5799 4261 6106 306 134 154 213 56 8 2 0
24 574 258 18 14339 11479 8307 1659 277 392 1093 336 38 27 2
10 212 41 4 3254 1616 2977 94 52 87 174 20 7 6 0
68 874 2246 32 25024 55256 10698 48059 863 436 1470 2002 53 55 0
4 161 5 1 2462 362 7054 2 5 92 111 2 0 0 0
2 113 0 1 1522 0 6025 0 0 81 113 0 0 0 0
18 500 140 13 11407 7329 10537 622 178 322 781 180 17 14 0
179 1403 15802 129 48321 232269 8894 917817 6618 683 3949 21403 140 697 12
35 768 558 37 20571 23186 10720 5408 637 462 1554 1055 49 80 2
1 23 0 0 702 0 239 0 0 14 0 0 0 0 0
15 370 93 12 7160 4484 9150 312 66 202 530 131 17 11 1
8 545 25 3 5944 3226 31566 39 152 253 279 16 3 1 0
7 68 18 3 1776 329 478 21 6 18 67 13 0 1 0
4 48 5 1 1057 98 490 2 0 18 46 2 0 0 0
4 174 5 1 1896 356 8954 2 7 56 148 2 2 0 0
2 27 0 1 743 0 226 0 0 15 27 0 0 0 0
1 23 0 0 702 0 239 0 0 14 0 0 0 0 0
16 227 105 15 4334 2897 1985 388 56 99 376 135 10 36 1
26 739 316 9 10430 17264 15684 2388 325 351 531 208 15 4 0
16 528 109 11 8513 6752 12161 422 172 208 788 124 18 12 2
4 143 5 1 2898 328 3667 2 4 61 89 2 2 0 0
8 209 25 3 3027 1242 3704 40 37 80 137 14 5 2 0
5 72 10 0 1989 270 526 10 9 42 0 0 0 0 0
15 352 100 5 5730 4495 6415 394 87 162 237 57 11 4 0
13 577 71 7 7990 5774 29091 214 127 308 866 67 15 5 0
16 381 107 13 6481 4939 5301 405 115 161 526 131 10 21 3
4 142 5 1 2294 335 2962 2 11 62 69 2 0 0 0
5 77 10 0 2531 292 661 10 8 24 0 0 0 0 0
12 212 63 3 4169 2114 2092 191 75 80 62 28 3 1 0
6 158 14 1 3016 683 2901 16 10 52 83 4 2 0 0
5 96 8 2 1741 291 943 5 5 36 81 4 1 1 0
7 142 16 5 2688 658 2074 17 13 47 164 11 2 7 0
13 295 71 7 5393 3069 4180 218 59 173 333 59 10 9 0
4 57 5 1 1452 131 402 2 7 21 26 2 0 0 0
16 465 107 13 10985 5878 8866 397 173 302 705 145 23 17 1
17 361 131 5 6361 5307 4016 607 122 183 211 71 7 2 0
4 63 6 0 1953 171 486 4 9 17 0 0 0 0 0
17 526 113 23 10470 6177 20490 410 221 334 1725 204 36 57 9
41 444 800 20 10614 16176 4914 9904 442 138 666 733 17 22 1
21 1039 191 19 14076 17020 43334 997 888 669 1858 307 63 24 2
20 386 174 16 6677 6571 5058 882 105 157 529 231 12 24 3
16 339 116 4 4862 4654 7316 506 104 121 213 52 5 2 0
3 80 3 0 1151 158 2254 1 1 35 0 0 0 0 0
2 22 1 0 592 20 109 0 1 5 0 0 0 0 0
10 375 43 2 4324 2996 12635 104 94 118 179 16 6 0 0
7 112 16 5 1975 513 921 17 16 49 115 11 6 7 0
9 235 29 7 3930 1546 7012 45 32 132 246 30 12 8 1
8 253 24 4 3501 1519 6323 35 35 97 178 18 2 3 0
5 64 7 3 1284 180 398 3 2 21 58 5 7 2 0
21 780 202 8 11789 14228 18999 1191 409 367 518 127 18 11 1
2 32 0 1 500 0 229 0 0 15 22 0 5 0 0
24 577 248 28 12764 11570 7641 1465 208 352 1219 508 33 45 6
29 581 390 16 17723 14712 6190 3255 395 336 710 366 28 33 0
5 393 10 0 4182 1486 27674 10 43 180 0 0 0 0 0
1 25 0 0 739 0 291 0 0 9 0 0 0 0 0
8 127 19 9 2185 602 1048 18 21 55 237 22 4 16 0
6 405 13 2 5025 1704 18884 13 54 209 199 6 7 1 0
19 343 162 9 10614 5498 3259 833 122 217 400 119 16 17 0
11 319 46 9 6361 2463 8102 96 41 182 621 57 12 12 0
5 87 9 1 1866 309 783 7 5 17 29 3 0 0 0
27 1001 332 19 15419 23165 37441 2482 770 549 1263 411 29 32 0
10 396 37 8 5506 2739 15075 63 75 181 649 50 13 7 0
13 343 73 5 5084 3779 6703 238 98 124 131 42 5 5 1
4 99 4 2 1122 159 1452 1 22 34 86 2 4 1 0
77 818 2895 31 31322 57656 6540 70873 1739 423 964 2229 35 48 0
5 85 9 1 1778 278 774 7 8 40 40 3 3 0 0
7 253 20 1 4621 1463 6703 30 22 123 5 5 3 0 0
13 360 75 3 5284 4013 7472 253 92 175 119 33 2 0 0
12 261 65 1 4327 2756 4486 210 45 115 25 10 0 0 0
4 44 6 0 1091 130 304 4 1 5 0 0 0 0 0
11 462 55 0 6683 4400 23062 165 110 235 0 0 0 0 0
3 59 3 0 923 110 605 1 4 27 0 0 0 0 0
13 433 73 5 5620 4514 10234 236 180 124 318 45 2 5 0
5 252 9 1 3498 916 11337 7 26 99 36 3 2 0 0
6 157 15 0 2758 769 2910 20 8 83 0 0 0 0 0
5 107 7 3 1520 274 1299 2 10 37 128 7 3 1 0
2 54 1 0 899 44 671 0 5 31 0 0 0 0 0
14 455 89 2 6809 5595 13622 340 94 258 110 24 11 0 0
18 399 146 7 7441 6308 6735 708 84 174 283 104 12 4 0
31 850 436 29 20009 21640 22925 3718 692 577 2368 713 54 64 0
17 409 132 4 6173 6022 5942 621 156 145 194 58 8 1 0
1 27 0 0 405 0 342 0 0 9 0 0 0 0 0
20 522 175 15 12027 8456 9426 894 186 299 1046 223 22 22 1
9 358 32 4 4040 2345 12515 58 99 123 315 24 3 2 0
6 301 15 0 3016 1365 11806 20 70 105 0 0 0 0 0
21 1118 192 18 14619 19079 46900 1016 816 603 1569 286 40 28 0
6 396 15 0 4025 1768 17227 20 106 131 0 0 0 0 0
12 341 63 3 5198 3444 7263 191 102 158 97 28 3 1 0
16 655 111 9 10465 8502 21070 444 264 306 757 106 19 10 0
29 657 377 29 18963 15572 7647 2956 637 433 1428 617 61 77 4
28 674 345 33 16123 15738 11406 2492 358 333 1672 712 36 70 2
19 513 157 14 10758 7807 12702 751 214 287 947 198 26 20 0
9 251 30 6 5809 1603 3794 46 45 179 295 35 10 2 1
17 359 133 3 11296 5143 4243 636 207 237 177 43 5 1 0
31 625 443 22 19708 16541 7231 3901 624 425 873 552 44 40 2
16 314 115 5 5088 4324 5341 492 88 93 208 66 1 2 0
18 474 150 3 7254 7640 12141 769 102 268 210 46 2 1 0
1 45 0 0 744 0 959 0 0 31 0 0 0 0 0
25 703 265 35 15596 13826 12655 1576 454 414 1990 646 74 75 3
43 997 857 46 25860 36594 20487 10576 1130 579 2880 1649 70 111 5
35 681 567 28 21334 20279 9591 5671 687 405 1403 825 49 48 1
15 752 95 10 11835 8723 32739 332 349 492 1069 116 19 7 0
4 210 6 0 1968 566 9923 4 32 63 0 0 0 0 0
15 137 103 2 3886 1822 1147 429 22 40 50 26 1 0 0
6 325 15 0 3755 1551 13955 20 37 112 0 0 0 0 0
1 5 0 0 325 0 10 0 0 0 0 0 0 0 0
16 626 110 10 10998 8057 25520 430 192 414 885 120 32 10 0
12 386 61 5 5870 3609 8281 174 134 151 353 42 8 4 0
21 407 203 7 13070 7381 4415 1205 226 276 293 117 7 8 0
18 492 142 11 10588 7435 9063 655 209 288 485 146 13 15 0
5 261 9 1 3526 889 12462 7 32 101 89 3 1 0 0
3 65 2 1 1470 86 687 0 3 31 34 1 2 0 0
26 899 296 29 15677 19533 32408 1966 548 477 1746 573 50 60 1
3 68 3 0 770 134 1074 1 1 19 0 0 0 0 0
2 54 1 0 899 54 830 0 0 16 0 0 0 0 0
5 111 9 1 1404 390 1605 7 8 39 38 3 0 0 0
2 41 0 1 465 0 694 0 0 12 41 0 0 0 0
3 98 3 0 1077 192 2341 1 2 53 0 0 0 0 0
13 618 77 1 7761 6796 17855 275 258 251 100 11 2 0 0
6 201 15 0 3241 981 3290 20 12 100 0 0 0 0 0
3 52 2 1 508 53 768 0 0 13 51 1 0 0 0
26 904 317 8 12481 21126 23838 2412 507 447 434 184 13 4 0
5 59 10 0 1339 232 770 10 2 20 0 0 0 0 0
7 236 17 4 4867 1136 4994 18 17 146 242 14 2 3 0
3 58 3 0 758 112 813 1 2 15 0 0 0 0 0
3 128 3 0 1680 252 3130 1 2 53 0 0 0 0 0
4 76 6 0 1219 222 949 4 3 34 0 0 0 0 0
9 237 36 0 3788 1802 3506 84 47 84 0 0 0 0 0
3 62 2 1 1147 97 842 0 2 26 21 1 1 0 0
18 569 143 10 8211 8541 14343 667 206 247 680 138 20 11 0
8 295 28 0 3648 1931 11540 56 67 83 0 0 0 0 0
1 39 0 0 395 0 728 0 0 13 0 0 0 0 0
5 208 10 0 2489 808 4996 10 12 66 0 0 0 0 0
5 105 10 0 1637 408 1304 10 6 18 0 0 0 0 0
1 39 0 0 395 0 728 0 0 13 0 0 0 0 0
1 39 0 0 395 0 728 0 0 13 0 0 0 0 0
2 40 1 0 429 40 728 0 0 13 0 0 0 0 0
1 83 0 0 864 0 3386 0 0 17 0 0 0 0 0
1 39 0 0 395 0 728 0 0 13 0 0 0 0 0
2 79 1 0 831 73 1488 0 3 33 0 0 0 0 0
10 310 43 2 4949 2456 8040 105 66 138 198 14 2 1 0
2 40 1 0 972 40 499 0 0 25 0 0 0 0 0
26 502 303 22 15041 10842 5490 2107 329 324 996 459 27 33 1
25 650 283 17 16412 13494 13971 1932 461 422 1148 345 18 23 0
19 556 156 15 12570 8550 13079 731 253 392 912 221 20 17 0
8 251 27 1 5196 1557 4358 50 56 208 70 6 9 0 0
8 263 26 2 6570 1552 4493 45 65 206 151 10 4 1 0
32 668 465 31 18782 18095 8088 4101 570 404 1401 791 36 65 3
16 678 110 10 9607 8907 20519 433 254 344 723 114 16 13 0
41 867 758 62 22472 29251 13954 8490 885 480 3513 1923 73 246 1
12 272 59 7 7757 2386 4531 157 79 162 420 56 14 7 0
13 443 73 5 9063 4624 9372 235 132 289 410 47 9 4 0
28 589 358 20 16314 13952 9840 2789 406 320 1089 454 25 33 0
21 477 199 11 15332 8288 5266 1135 361 373 490 181 20 14 0
45 821 957 33 28761 31826 9711 12839 1300 527 1616 1283 41 68 0
23 430 245 8 11501 8837 5293 1609 163 272 287 156 5 6 0
22 525 223 8 14719 10041 6732 1385 285 370 392 150 11 5 0
33 702 493 35 20036 19268 10343 4462 641 488 1830 907 42 83 4
15 775 98 7 10920 9557 35371 373 402 513 463 73 13 9 0
13 430 66 12 8396 3941 9986 188 178 284 819 67 22 28 3
3 155 3 0 1534 296 8926 1 7 43 0 0 0 0 0
28 561 356 22 17697 13197 6610 2744 472 413 932 494 37 36 2
18 959 135 18 12671 13196 48300 562 674 579 1687 220 36 34 0
22 820 222 9 13350 15638 30092 1367 502 513 538 166 20 7 0
17 844 124 12 13651 11356 35811 515 328 525 1418 151 37 13 1
36 626 621 9 23336 19178 5728 6841 1202 431 316 292 6 7 0
39 784 715 26 24804 25951 10563 8224 1139 556 1471 869 46 45 1
25 544 288 12 18900 11196 7280 2040 573 354 686 244 14 16 0
6 165 12 3 3741 601 2458 10 12 99 192 8 4 2 0
17 357 120 16 6665 4621 5063 474 111 174 821 174 24 30 2
2 104 1 0 1779 92 3174 0 6 54 0 0 0 0 0
25 832 279 21 17979 17191 19367 1848 649 612 1381 421 49 31 0
35 560 579 16 23215 16394 4876 6061 978 350 648 441 21 42 1
28 1081 359 19 17149 25489 29172 2804 1183 694 1186 450 73 22 0
6 230 14 1 3963 1013 5319 16 38 115 59 4 1 0 0
20 797 170 20 14416 12513 30359 815 388 564 1780 290 37 35 0
41 859 774 46 22460 30419 14484 8990 822 557 2175 1549 61 118 3
20 619 167 23 12704 9528 13892 785 342 415 1467 298 41 55 2
27 563 331 20 15520 12964 6440 2456 395 393 804 438 40 31 0
9 527 34 2 7001 3572 24846 71 213 349 218 12 0 1 0
21 519 196 14 15076 8948 7870 1083 343 332 700 228 23 19 0
20 781 176 14 13684 12533 20079 907 556 437 1108 214 43 19 0
26 911 303 22 16303 19647 32174 2107 610 548 1800 458 54 35 0
2 114 1 0 1946 108 3480 0 3 73 0 0 0 0 0
19 1001 149 22 13694 14305 46627 648 751 664 2061 270 75 49 2
14 507 81 10 10126 5483 13251 258 217 381 652 92 11 14 0
9 428 32 4 7601 2811 13527 58 120 297 351 24 11 2 0
13 868 70 8 11262 8672 48260 209 456 509 762 66 35 11 0
15 536 92 13 10102 6177 13185 305 184 330 921 131 19 19 0
16 807 106 14 12156 9545 35856 390 575 570 1364 146 23 22 2
19 528 158 13 11730 8251 9089 762 239 351 731 193 22 14 0
10 498 43 2 7512 3926 23648 104 138 339 278 16 1 0 0
14 733 85 6 11404 8266 32204 299 372 536 497 58 11 7 0
16 632 119 1 13000 8615 16561 546 405 493 51 14 2 0 0
3 292 3 0 3308 524 19116 1 30 190 0 0 0 0 0
8 356 27 1 6434 2267 11351 50 85 219 49 6 3 0 0
11 572 48 7 9342 4397 28828 110 190 386 911 47 16 8 0
10 812 43 2 9717 6097 43819 105 533 553 137 14 4 1 0
2 124 1 0 1893 106 3905 0 9 73 0 0 0 0 0
2 91 1 0 2005 89 2904 0 1 51 0 0 0 0 0
20 602 175 15 13642 9837 11996 884 321 374 909 243 25 12 1
17 395 133 3 12240 5791 5854 635 199 248 127 45 2 0 0
21 845 198 12 14617 14765 23306 1122 627 527 821 188 30 20 0
12 640 55 11 9128 5033 37335 126 228 434 1449 80 51 12 2
18 580 136 17 13283 8132 12532 568 280 322 1100 226 34 20 2
25 540 276 24 17139 9943 9852 1834 525 326 1897 382 35 82 2
28 1083 343 35 17900 24093 27904 2467 1156 613 2634 712 101 93 4
21 709 195 15 15393 12345 18724 1071 418 417 967 234 16 24 1
20 1008 175 15 14314 16136 50177 905 744 659 1452 201 38 33 1
17 614 122 14 11860 8063 22405 494 284 446 1141 163 26 22 1
17 414 117 19 9489 5436 6356 429 172 254 808 218 18 32 1
15 805 93 12 11076 9292 34779 326 497 502 950 102 17 27 0
17 718 118 18 11531 9034 20967 442 477 429 1422 206 39 32 0
19 1015 162 9 12825 16161 43668 821 575 597 899 143 30 5 0
13 789 78 0 10553 8312 26390 286 578 521 0 0 0 0 0
14 995 84 7 12718 10667 54164 288 691 620 866 68 10 8 0
17 714 113 23 11376 8953 20015 400 348 418 1667 221 54 53 6
18 642 137 16 12271 9112 17148 585 347 438 1032 206 38 25 0
29 1109 374 32 17349 26916 28473 2877 1009 583 2026 698 46 71 8
13 255 73 5 3658 2726 3218 235 67 69 190 47 5 4 0
6 163 12 3 3616 634 2327 9 13 107 145 10 5 1 0
1 16 0 0 317 0 117 0 0 3 0 0 0 0 0
9 390 36 0 4546 2858 13415 84 131 158 0 0 0 0 0
8 169 26 2 2852 1061 2580 44 20 86 78 12 2 0 0
11 328 47 8 4464 2740 11602 104 75 102 384 50 3 11 0
1 12 0 0 255 0 61 0 0 5 0 0 0 0 0
20 443 183 7 12100 7551 8162 1020 196 282 464 114 5 6 0
31 548 447 18 19781 13733 5827 4011 998 367 615 449 48 32 3
27 563 323 28 15889 12428 7392 2381 409 364 1328 396 32 140 8
8 181 25 3 3241 1124 3225 40 13 69 101 14 8 2 0
11 269 50 5 7285 2284 3913 121 77 237 236 43 8 1 0
25 621 288 12 15619 13666 10812 2037 370 470 458 250 20 13 0
21 625 193 17 13298 9930 20866 1048 345 419 1828 242 26 39 1
18 1051 139 14 13791 15261 52053 611 528 566 1434 187 58 17 1
16 619 109 11 10943 7559 23435 423 260 399 1120 120 43 17 0
3 248 3 0 3353 480 18874 1 8 145 0 0 0 0 0
4 230 6 0 2850 676 11327 4 7 65 0 0 0 0 0
13 319 74 4 6422 3521 4858 243 69 200 133 42 18 1 0
15 914 99 6 12007 10781 41626 381 746 535 481 70 21 4 0
2 80 1 0 1094 80 1962 0 0 39 0 0 0 0 0
18 448 147 6 11295 6817 6616 722 231 313 321 92 8 2 0
12 489 60 6 8265 4735 13443 165 129 280 350 50 18 5 0
38 764 676 27 23288 24344 13242 7523 1225 501 1352 856 61 55 2
39 839 723 18 19405 29711 15720 8496 568 516 979 620 28 23 0
13 346 73 5 8403 3644 5095 234 133 254 230 49 6 3 0
17 1108 125 11 12940 14502 57008 526 978 686 1166 143 52 11 0
20 500 179 11 11047 8377 7358 958 265 261 561 166 16 16 0
30 925 401 34 16760 22974 18968 3207 927 561 1807 756 95 95 2
7 354 20 1 4942 1955 19166 30 65 247 39 5 0 0 0
15 876 91 14 11307 9937 44606 296 464 499 1287 137 56 21 1
14 472 76 15 9407 4792 9982 211 182 299 912 127 34 25 1
2 226 1 0 2160 204 16722 0 11 159 0 0 0 0 0
5 302 10 0 4382 1152 17608 10 28 228 0 0 0 0 0
13 804 70 8 10394 7745 43856 207 446 496 965 70 23 9 0
12 257 63 3 7278 2517 3753 191 81 171 126 28 11 1 0
4 364 6 0 4471 996 18241 4 48 186 0 0 0 0 0
11 354 48 7 5298 2879 7110 108 104 113 433 52 10 4 1
12 544 64 2 5995 5170 18477 201 279 166 252 18 2 1 0
20 637 175 15 12356 10364 15855 893 348 376 991 225 26 21 1
1 15 0 0 506 0 102 0 0 3 0 0 0 0 0
11 467 52 3 6108 4138 16279 139 154 167 222 25 1 1 0
8 459 28 0 7097 2913 26141 56 150 324 0 0 0 0 0
11 684 45 10 9503 5129 40555 87 212 415 1213 68 37 8 2
8 450 24 4 6977 2505 21842 33 91 275 397 22 33 1 0
1 23 0 0 383 0 245 0 0 8 0 0 0 0 0
3 167 3 0 1934 286 5450 1 24 36 0 0 0 0 0
79 938 3022 59 37160 64326 6342 74662 3559 511 1500 4298 110 112 7
23 358 249 4 14476 6970 3680 1688 365 256 170 82 3 1 0
22 446 217 14 10792 8136 7279 1280 228 327 738 240 18 20 0
10 391 39 6 7353 2753 12805 76 124 227 510 40 4 4 0
24 812 262 14 14119 16483 28884 1735 569 498 1005 271 25 17 1
24 674 260 16 15882 13875 11404 1691 397 463 789 314 22 19 0
10 451 40 5 6398 3302 21140 83 120 317 457 34 30 3 0
17 910 126 10 12523 12236 48024 542 503 554 1272 126 23 12 0
9 377 30 6 6611 2382 9076 48 96 255 426 30 8 6 0
11 596 53 2 8472 5301 26629 148 239 411 155 16 13 1 0
25 1021 273 27 16650 20748 28438 1724 845 628 1908 533 79 41 2
19 1254 163 8 15638 19392 63809 839 1152 833 814 124 31 6 0
15 804 99 6 10845 9714 35745 379 436 450 626 74 22 2 0
9 247 32 4 6904 1568 4910 58 40 134 298 25 15 0 1
2 28 1 0 975 28 175 0 0 16 0 0 0 0 0
39 977 693 48 18159 32797 26058 7489 658 544 2817 1537 98 100 13
8 354 17 11 5778 1601 19823 15 47 223 737 20 23 17 4
2 195 1 0 1876 191 15748 0 2 141 0 0 0 0 0
9 462 36 0 6346 3442 23120 84 127 335 0 0 0 0 0
4 86 6 0 1743 228 943 4 15 43 0 0 0 0 0
7 298 19 2 3264 1473 12711 25 61 83 185 10 4 0 0
1 133 0 0 1178 0 8741 0 0 37 0 0 0 0 0
1 17 0 0 325 0 133 0 0 3 0 0 0 0 0
1 17 0 0 325 0 133 0 0 3 0 0 0 0 0
4 97 5 1 1835 239 1309 2 3 47 42 2 2 0 0
6 186 15 0 3676 916 6184 20 7 103 0 0 0 0 0
8 692 28 0 7943 4266 39018 56 289 341 0 0 0 0 0
1 6 0 0 128 0 13 0 0 2 0 0 0 0 0
3 61 2 1 1276 66 691 0 1 33 42 1 6 0 0
15 380 100 5 5594 4944 9856 394 80 168 210 57 3 4 0
6 99 11 4 2025 311 1014 6 9 52 148 13 9 0 1
1 29 0 0 422 0 384 0 0 22 0 0 0 0 0
1 29 0 0 422 0 384 0 0 22 0 0 0 0 0
4 95 6 0 1438 279 1346 4 3 36 0 0 0 0 0
43 807 859 44 22479 30213 11296 10763 777 549 2043 1364 42 202 12
9 260 32 4 7273 1738 4894 58 78 192 172 24 7 2 0
7 288 17 4 6088 1316 8561 18 57 206 286 14 6 3 0
14 703 85 6 10879 7900 23548 298 443 430 333 60 10 6 0
8 396 25 3 5775 2253 22683 41 64 273 377 12 7 3 0
17 605 117 19 10515 7742 15973 441 345 393 1172 200 38 32 7
5 84 10 0 1354 330 789 10 3 19 0 0 0 0 0
18 827 134 19 11221 11248 32326 556 503 489 1651 220 77 36 4
7 299 19 2 3552 1488 6842 26 62 94 176 8 3 1 0
7 329 21 0 3650 1814 13445 35 80 115 0 0 0 0 0
10 313 43 2 3744 2575 6921 104 56 110 126 16 2 0 0
8 373 24 4 4488 2237 10683 36 80 146 204 17 5 2 1
5 318 10 0 3309 1180 13922 10 46 113 0 0 0 0 0
5 101 10 0 1995 384 992 10 10 43 0 0 0 0 0
1 10 0 0 155 0 41 0 0 4 0 0 0 0 0
5 352 10 0 3709 1240 16482 10 84 130 0 0 0 0 0
3 82 3 0 939 152 1246 1 6 34 0 0 0 0 0
1 15 0 0 339 0 101 0 0 4 0 0 0 0 0
1 2 0 0 80 0 1 0 0 0 0 0 0 0 0
3 247 3 0 2657 482 14876 1 6 119 0 0 0 0 0
3 23 3 0 1334 40 116 1 3 15 0 0 0 0 0
1 19 0 0 351 0 157 0 0 14 0 0 0 0 0
10 221 41 4 4192 1742 3349 90 40 92 155 29 6 0 1
15 296 97 8 5024 3597 3140 357 101 134 323 93 11 4 1
4 157 4 2 2874 211 6342 1 1 95 248 2 5 1 0
29 768 388 18 15043 19125 16988 3192 522 490 1275 440 30 20 2
17 589 112 24 11761 6833 23871 384 230 436 2047 234 42 60 2
13 332 67 11 8989 3194 5477 184 124 240 506 86 18 13 3
7 304 19 2 4308 1646 16964 25 45 174 88 10 0 0 0
21 682 203 7 12267 12408 14346 1201 401 436 384 125 23 4 0
26 538 302 23 13769 11676 8271 2097 239 296 1242 456 27 45 2
8 382 27 1 6913 2340 12333 50 105 285 120 6 2 0 0
10 425 39 6 6827 2919 19818 81 105 298 620 31 38 7 1
23 629 233 20 14779 11791 11496 1386 441 424 1097 350 34 35 0
15 770 96 9 10909 9073 32170 351 458 538 761 92 15 11 1
18 923 147 6 13590 13596 28206 722 764 624 501 92 33 2 0
2 206 1 0 2155 192 15984 0 7 147 0 0 0 0 0
17 1020 131 5 13481 13872 44339 607 987 680 410 71 32 2 0
14 592 85 6 9180 6457 28485 297 206 338 799 62 14 5 0
2 29 1 0 398 29 346 0 0 6 0 0 0 0 0
16 711 115 5 8829 9762 31302 492 277 305 345 66 2 2 0
22 825 214 17 12313 15219 26304 1225 366 388 1306 290 34 25 0
2 127 1 0 1343 111 4314 0 8 35 0 0 0 0 0
9 248 34 2 3460 1776 4314 71 57 90 90 12 2 1 0
2 39 1 0 725 19 346 0 10 21 0 0 0 0 0
0 0 0 0 0 0 0 0 0 0 0 0 0 0 0
3 45 2 1 904 40 347 0 11 20 28 1 0 0 0
10 792 40 5 8594 5752 50860 85 298 425 766 30 7 5 0
2 191 1 0 1797 149 10354 0 21 77 0 0 0 0 0
6 335 15 0 4046 1623 18118 20 26 210 0 0 0 0 0
24 946 257 19 15161 18702 24488 1634 820 595 1338 362 39 28 0
23 1045 236 17 15422 20303 36568 1435 679 662 1233 316 48 19 1
2 46 1 0 1361 46 470 0 0 40 0 0 0 0 0
29 1168 386 20 17142 28743 33795 3144 1180 688 1471 482 65 26 2
9 565 33 3 7160 3759 30916 64 222 338 313 19 2 1 0
38 445 680 23 16221 14604 3919 7653 582 325 617 739 40 43 1
39 822 711 30 19062 27394 25898 8109 770 483 2204 952 49 76 2
29 1012 393 13 15372 25622 31505 3316 838 624 978 325 30 13 0
30 1309 419 16 19529 33882 34214 3627 1377 752 1235 419 45 13 1
22 913 222 9 14269 16697 26125 1367 875 522 680 166 23 7 0
21 1050 194 16 14856 17366 48132 1051 855 672 1782 254 71 25 0
15 645 100 5 10274 8225 29833 391 186 390 429 63 2 1 0
24 964 254 22 15594 18504 38778 1592 725 610 2160 380 29 52 0
21 819 180 30 14015 13243 30375 839 463 458 2027 422 92 59 10
27 563 320 31 14591 12358 8053 2232 364 408 1460 613 46 78 2
25 935 277 23 16252 19075 23597 1805 793 615 1587 461 96 34 0
16 503 109 11 10724 6303 13591 417 209 332 798 132 13 11 0
15 563 88 17 9356 5957 23251 267 211 370 1423 155 40 33 0
3 285 3 0 3051 492 18956 1 39 206 0 0 0 0 0
23 963 226 27 14280 16936 46956 1258 596 573 2952 461 53 50 2
15 660 99 6 10365 8149 26153 384 269 408 479 64 37 7 0
24 990 255 21 16349 19452 40543 1598 716 586 1812 391 37 34 1
24 1116 253 23 14453 21225 52403 1559 819 582 2601 425 102 39 1
17 776 125 11 11503 10807 31708 526 420 547 731 143 19 11 0
28 913 322 56 15219 19070 30973 2039 735 543 3901 1033 105 189 15
16 750 100 20 8982 8331 43486 327 412 428 1985 191 55 37 5
8 594 24 4 6991 3156 37551 35 213 343 498 18 39 3 0
6 419 14 1 4937 1763 22784 16 128 284 62 4 7 0 0
10 496 43 2 8601 3719 14867 104 295 409 135 16 10 0 0
14 697 78 13 9372 7169 30273 232 383 412 1042 109 42 22 1
14 432 86 5 8399 4964 8538 305 155 307 324 58 9 1 0
8 228 25 3 4874 1348 5034 38 36 129 142 18 17 0 0
7 332 20 1 4306 1842 18967 30 45 200 52 5 4 0 0
39 864 706 35 20870 29290 11706 7935 828 512 1764 1122 61 73 9
13 829 73 5 10523 8381 38399 233 503 563 519 51 21 2 0
17 617 108 28 9112 6957 24807 355 255 323 2293 237 56 81 7
18 1052 137 16 13508 14925 46947 589 660 604 1563 200 38 25 2
23 991 220 33 14034 17420 36965 1160 841 611 2530 531 85 78 2
1 178 0 0 1403 0 15624 0 0 129 0 0 0 0 0
11 491 48 7 8244 3883 22686 110 132 357 709 47 27 8 0
11 500 46 9 8094 3838 22866 98 159 304 814 54 15 12 1
9 423 33 3 7681 2854 13145 64 120 331 272 19 9 1 0
6 492 13 2 5828 1813 35549 13 119 325 397 6 6 1 0
32 713 469 27 15982 19474 11573 4201 561 432 1437 709 35 49 1
10 531 36 9 7721 3411 22312 67 168 362 922 35 55 17 1
2 214 0 1 2174 0 16075 0 0 167 206 0 4 0 0
17 306 133 3 10152 4430 3051 636 170 234 100 43 13 1 0
24 1004 245 31 15571 18527 44710 1419 687 643 3067 534 62 65 6
14 835 73 18 10704 7702 47567 183 418 502 2213 150 52 27 4
39 811 695 46 19990 26958 16889 7550 725 520 2226 1481 92 103 5
10 458 37 8 8356 3077 20584 64 111 325 781 50 21 4 2
15 693 94 11 10329 8033 27161 324 337 470 909 120 43 10 1
26 782 292 33 13106 16221 21123 1894 475 448 2275 621 52 84 1
19 882 150 21 13528 12117 35949 670 620 573 2411 245 54 50 4
27 416 333 18 12814 9327 6549 2509 220 268 1009 382 20 34 0
25 1371 282 18 17265 27789 61723 1915 1453 840 2065 357 72 27 1
21 883 194 16 13235 15294 30736 1046 545 584 1188 264 44 20 0
12 484 57 9 7954 3856 24771 143 143 304 1146 64 18 13 0
2 369 1 0 3392 267 33649 0 51 249 0 0 0 0 0
14 954 83 8 12525 10174 52893 275 651 623 842 82 42 7 0
19 1237 159 12 14727 19079 64758 774 920 764 1237 186 55 9 0
9 533 34 2 7505 3699 25432 71 200 408 159 12 3 1 0
4 354 4 2 3864 759 21535 1 52 249 193 2 3 1 0
6 262 10 5 3540 474 15967 7 20 196 768 6 14 7 0
8 788 24 4 9152 4108 50042 34 393 486 528 20 47 2 0
5 350 8 2 5117 1020 21543 5 57 208 250 4 8 1 0
11 497 54 1 8058 4264 12260 156 306 343 86 9 4 0 0
24 968 263 13 14626 19737 43218 1748 666 610 1051 266 72 10 0
15 940 101 4 12315 11244 43247 406 804 622 274 46 17 3 0
1 178 0 0 1403 0 15624 0 0 129 0 0 0 0 0
12 650 61 5 8839 6151 27782 175 300 421 375 40 12 5 0
21 1017 195 15 14020 17652 39373 1067 690 547 1186 241 61 22 0
25 1227 288 12 16815 25852 48441 2034 1177 747 1096 256 73 10 0
4 368 6 0 4122 958 22151 4 73 284 0 0 0 0 0
14 579 80 11 9594 6087 25269 245 184 391 1040 106 16 13 0
9 474 35 1 5637 3488 25798 77 123 325 52 7 3 0 0
1 178 0 0 1403 0 15624 0 0 129 0 0 0 0 0
7 541 19 2 6119 2478 37871 26 163 296 380 8 31 1 0
12 720 60 6 10378 6645 34981 168 416 504 395 45 24 6 1
3 297 2 1 3578 362 21116 0 21 209 186 1 2 0 0
2 196 1 0 1723 186 15766 0 5 140 0 0 0 0 0
4 367 6 0 4256 957 21399 4 72 252 0 0 0 0 0
12 931 63 3 11093 8346 53155 191 694 625 423 28 42 1 0
7 466 16 5 6314 2009 25409 14 103 316 539 17 21 4 0
19 732 161 10 13135 11492 30554 809 412 515 834 151 13 8 1
10 785 43 2 9349 6179 48073 105 386 529 108 14 3 1 0
1 178 0 0 1403 0 15624 0 0 129 0 0 0 0 0
15 919 95 10 11041 10570 51187 336 430 518 1358 108 39 11 0
4 342 5 1 3863 676 20235 2 62 223 196 2 15 0 0
3 265 3 0 2675 478 17713 1 26 195 0 0 0 0 0
18 518 138 15 12165 7523 11745 594 202 341 821 204 29 18 0
2 220 1 0 2380 202 16439 0 9 175 0 0 0 0 0
3 146 3 0 2333 270 3727 1 11 139 0 0 0 0 0
11 712 53 2 9747 6195 32914 147 375 471 157 18 9 0 0
5 518 10 0 5352 1914 32643 10 79 298 0 0 0 0 0
14 869 91 0 10898 10235 48345 364 531 584 0 0 0 0 0
2 196 0 1 1846 0 15617 0 0 130 182 0 7 0 0
6 411 14 1 5055 1832 21716 16 78 248 61 4 3 0 0
8 327 25 3 5078 1922 17187 39 52 250 255 16 4 1 0
14 577 81 10 9097 6030 22837 256 217 375 927 99 55 6 3
13 843 63 15 11137 7633 41848 183 593 548 1269 44 14 56 3
8 697 28 0 8085 4143 43882 56 368 487 0 0 0 0 0
5 288 8 2 4295 819 11056 5 67 213 193 4 3 1 0
5 393 9 1 4790 1221 23329 7 80 274 185 3 3 0 0
5 287 8 2 3706 703 17506 5 27 196 387 4 2 1 0
2 207 1 0 2701 203 18131 0 2 134 0 0 0 0 0
3 223 3 0 3522 424 16072 1 11 167 0 0 0 0 0
1 178 0 0 1403 0 15624 0 0 129 0 0 0 0 0
2 290 1 0 2829 244 21758 0 23 211 0 0 0 0 0
8 636 25 3 6624 3427 39947 40 242 377 483 14 29 2 0
17 692 117 19 11465 9319 23595 448 271 387 1177 184 17 43 5
1 178 0 0 1403 0 15624 0 0 129 0 0 0 0 0
6 415 13 2 4798 1606 22146 12 77 249 303 8 6 0 0
1 178 0 0 1403 0 15624 0 0 129 0 0 0 0 0
1 178 0 0 1403 0 15624 0 0 129 0 0 0 0 0
2 204 1 0 1801 188 15931 0 8 147 0 0 0 0 0
7 750 21 0 8022 3766 48529 35 367 508 0 0 0 0 0
2 254 1 0 2161 196 18443 0 29 160 0 0 0 0 0
3 446 3 0 4493 718 36515 1 87 309 0 0 0 0 0
1 178 0 0 1403 0 15624 0 0 129 0 0 0 0 0
17 967 128 8 13940 12961 43133 568 813 629 841 104 22 8 0
3 281 3 0 2702 488 18772 1 37 182 0 0 0 0 0
1 78 0 0 938 0 2944 0 0 59 0 0 0 0 0
2 221 1 0 2397 213 16488 0 4 168 0 0 0 0 0
1 178 0 0 1403 0 15624 0 0 129 0 0 0 0 0
1 178 0 0 1403 0 15624 0 0 129 0 0 0 0 0
1 178 0 0 1403 0 15624 0 0 129 0 0 0 0 0
4 321 6 0 3700 875 19530 4 44 218 0 0 0 0 0
1 178 0 0 1403 0 15624 0 0 129 0 0 0 0 0
2 212 1 0 2113 196 16147 0 8 167 0 0 0 0 0
4 230 5 1 2596 479 15942 2 13 158 185 2 0 0 0
1 178 0 0 1403 0 15624 0 0 129 0 0 0 0 0
2 230 1 0 2232 202 16900 0 14 179 0 0 0 0 0
3 201 2 1 2368 375 15742 0 2 144 15 1 4 0 0
1 178 0 0 1403 0 15624 0 0 129 0 0 0 0 0
1 178 0 0 1403 0 15624 0 0 129 0 0 0 0 0
8 412 24 4 6819 2223 20145 34 106 333 431 20 9 2 0
4 293 5 1 2832 712 18927 2 43 177 81 2 0 0 0
2 254 1 0 2161 196 18443 0 29 160 0 0 0 0 0
1 178 0 0 1403 0 15624 0 0 129 0 0 0 0 0
6 513 14 1 5970 2126 28716 16 160 404 113 4 3 0 0
2 235 0 1 2251 0 17081 0 0 148 183 0 26 0 0
1 178 0 0 1403 0 15624 0 0 129 0 0 0 0 0
2 220 1 0 2188 200 16441 0 10 173 0 0 0 0 0
5 518 9 1 5522 1570 37689 7 138 308 196 3 15 0 0
8 702 27 1 7974 4030 44729 50 347 484 184 6 3 0 0
1 178 0 0 1403 0 15624 0 0 129 0 0 0 0 0
14 640 80 11 9947 6472 27635 247 251 362 1260 103 43 13 1
2 254 1 0 2161 196 18443 0 29 160 0 0 0 0 0
12 844 63 3 10268 7745 46095 191 565 553 335 28 37 1 0
2 236 1 0 2450 198 17219 0 19 187 0 0 0 0 0
1 178 0 0 1403 0 15624 0 0 129 0 0 0 0 0
38 614 675 28 22887 19598 5495 7475 1019 410 960 916 61 43 2
6 72 14 1 1367 326 962 16 2 26 30 4 0 0 0
5 135 10 0 1598 510 1926 10 15 56 0 0 0 0 0
10 304 43 2 4040 2414 5681 104 84 121 148 16 3 0 0
9 211 35 1 3051 1624 4543 77 21 111 22 7 0 0 0
7 505 20 1 5877 2631 28508 30 128 218 119 5 12 0 0
4 169 5 1 2513 466 6756 2 3 112 33 2 1 0 0
4 189 6 0 2561 545 4656 4 11 60 0 0 0 0 0
5 231 8 2 2581 768 10171 5 28 56 92 4 4 1 0
1 17 0 0 440 0 130 0 0 6 0 0 0 0 0
6 97 13 2 1675 400 809 13 9 51 63 6 2 1 0
2 75 1 0 1266 73 1943 0 1 26 0 0 0 0 0
4 158 6 0 2817 454 4394 4 10 90 0 0 0 0 0
24 1176 255 21 16429 22839 51457 1596 1008 769 2051 394 71 34 0
31 653 458 7 22084 17537 7436 4296 893 463 245 195 11 4 0
18 677 136 17 11473 9814 26500 569 349 397 959 223 19 23 1
2 52 1 0 1083 46 609 0 3 42 0 0 0 0 0
3 68 3 0 1769 128 710 1 4 61 0 0 0 0 0
21 863 195 15 14033 14850 23491 1071 587 528 1164 235 36 22 2
7 430 17 4 5509 1948 21597 19 104 261 400 12 12 4 0
1 27 0 0 302 0 345 0 0 6 0 0 0 0 0
17 801 124 12 9826 11067 38023 520 319 342 1063 140 24 20 0
2 17 1 0 814 17 108 0 0 12 0 0 0 0 0
9 399 30 6 4449 2549 15480 51 117 129 395 24 7 9 0
1 8 0 0 399 0 22 0 0 6 0 0 0 0 0
8 423 26 2 4668 2500 16725 45 128 185 201 10 2 1 0
4 148 6 0 1793 404 3281 4 20 26 0 0 0 0 0
2 86 1 0 1104 86 2344 0 0 38 0 0 0 0 0
1 21 0 0 262 0 206 0 0 4 0 0 0 0 0
14 601 91 0 9293 7373 20895 364 220 378 0 0 0 0 0
25 756 274 26 16007 14977 26423 1769 406 463 2265 465 45 65 1
16 581 110 10 10468 7612 23602 428 173 368 725 124 16 8 0
6 112 12 3 3429 403 1150 9 13 68 123 10 4 1 0
21 811 200 10 11703 14574 21922 1150 413 376 804 170 8 10 0
12 660 58 8 9511 5658 31181 152 337 379 882 57 23 10 1
15 612 97 8 10371 7276 29244 362 191 365 852 82 29 11 0
7 322 21 0 3245 1750 12958 35 91 111 0 0 0 0 0
1 6 0 0 322 0 15 0 0 0 0 0 0 0 0
3 103 3 0 1060 164 1720 1 21 41 0 0 0 0 0
2 67 1 0 1531 65 1065 0 1 44 0 0 0 0 0
10 356 40 5 7325 2629 8565 83 95 270 359 34 13 3 0
4 228 6 0 2299 632 10965 4 26 70 0 0 0 0 0
7 399 21 0 4420 2120 17632 35 137 131 0 0 0 0 0
1 20 0 0 407 0 183 0 0 7 0 0 0 0 0
14 796 82 9 10455 8419 46626 265 376 483 1147 91 15 7 1
2 15 1 0 265 15 89 0 0 2 0 0 0 0 0
10 508 42 3 5260 3857 18219 98 245 148 207 20 9 2 0
1 13 0 0 358 0 74 0 0 4 0 0 0 0 0
14 358 87 4 5978 4080 7739 317 126 162 312 46 5 1 0
8 466 26 2 5209 2648 18850 45 189 139 210 10 13 1 0
16 432 110 10 5949 5648 12908 431 93 154 630 118 8 11 0
20 232 184 6 4926 4001 3660 1038 52 96 291 96 6 6 0
7 303 14 7 3210 1235 12139 9 66 97 433 17 9 9 0
1 19 0 0 232 0 165 0 0 6 0 0 0 0 0
1 19 0 0 232 0 165 0 0 6 0 0 0 0 0
1 19 0 0 232 0 165 0 0 6 0 0 0 0 0
1 19 0 0 232 0 165 0 0 6 0 0 0 0 0
1 19 0 0 232 0 165 0 0 6 0 0 0 0 0
4 239 3 3 2701 398 11143 1 25 78 257 0 6 3 0
6 135 13 2 2304 533 1490 13 19 68 98 6 3 1 0
1 83 0 0 864 0 3386 0 0 17 0 0 0 0 0
1 7 0 0 208 0 19 0 0 2 0 0 0 0 0
1 1 0 0 38 0 0 0 0 0 0 0 0 0 0
2 38 1 0 810 38 657 0 0 46 0 0 0 0 0
2 129 1 0 1502 115 4410 0 7 28 0 0 0 0 0
18 392 150 3 5229 6107 5736 770 189 141 163 44 8 2 0
1 67 0 0 874 0 2179 0 0 32 0 0 0 0 0
2 31 1 0 400 31 396 0 0 11 0 0 0 0 0
1 62 0 0 815 0 1867 0 0 24 0 0 0 0 0
1 22 0 0 320 0 220 0 0 11 0 0 0 0 0
2 190 1 0 2336 116 9078 0 37 141 0 0 0 0 0
19 769 155 16 13193 11472 30863 719 411 499 1498 229 25 20 1
8 339 25 3 6525 1862 9435 39 88 270 291 16 22 1 0
13 746 74 4 10389 7318 25360 246 607 507 384 36 18 4 0
8 377 19 9 6789 1909 20339 20 56 285 580 20 19 14 2
12 440 51 15 8840 3157 12166 100 191 325 1211 91 45 28 1
11 817 52 3 10252 6479 41130 138 639 539 371 27 21 0 0
26 1055 310 15 15640 23783 38090 2264 856 677 834 313 23 22 1
10 424 39 6 7088 2862 13570 78 219 320 492 36 12 6 0
16 724 107 13 11029 8850 33335 395 421 490 1122 150 23 13 2
13 695 72 6 10717 6830 23878 222 480 504 522 62 14 2 0
26 770 309 16 15325 17030 17259 2243 599 542 968 331 27 25 1
26 1267 306 19 17788 27402 50287 2174 1402 800 1365 396 52 30 0
8 655 24 4 8374 3467 35461 36 325 411 436 16 16 4 0
10 340 37 8 6146 2239 10621 64 107 228 541 49 33 6 1
8 516 24 4 6914 2758 28825 33 181 328 420 22 36 1 0
4 261 6 0 3388 645 10254 4 69 192 0 0 0 0 0
3 128 2 1 1984 145 3485 0 7 96 95 1 1 0 0
11 780 55 0 10319 6658 29705 165 571 468 0 0 0 0 0
5 330 9 1 4751 1033 12401 7 104 259 75 3 2 0 0
1 78 0 0 938 0 2944 0 0 59 0 0 0 0 0
8 402 27 1 4568 2463 14638 50 129 118 83 6 5 0 0
1 5 0 0 72 0 9 0 0 1 0 0 0 0 0
11 509 52 3 6772 4673 19486 138 95 238 225 27 1 0 0
4 217 5 1 2264 432 10019 2 39 73 141 2 0 0 0
1 14 0 0 137 0 89 0 0 2 0 0 0 0 0
1 191 0 0 2093 0 18025 0 0 120 0 0 0 0 0
22 616 226 5 7874 12028 17433 1446 330 216 230 88 9 6 0
2 24 0 1 691 0 189 0 0 7 24 0 0 0 0
3 67 2 1 1453 68 1098 0 1 41 58 1 3 0 0
3 11 2 1 460 21 45 0 0 0 1 1 0 0 0
4 197 6 0 1951 563 9665 4 14 60 0 0 0 0 0
19 311 163 8 5996 5015 2876 840 137 97 283 122 13 7 0
1 67 0 0 874 0 2179 0 0 32 0 0 0 0 0
1 191 0 0 2093 0 18025 0 0 120 0 0 0 0 0
1 44 0 0 497 0 928 0 0 18 0 0 0 0 0
1 62 0 0 815 0 1867 0 0 24 0 0 0 0 0
8 387 25 3 4338 2264 14118 39 110 157 207 16 9 1 0
3 119 3 0 1170 224 3977 1 7 21 0 0 0 0 0
2 9 1 0 412 9 22 0 0 0 0 0 0 0 0
8 261 21 7 5648 1282 5212 23 47 185 411 24 20 9 0
16 804 113 7 11872 10291 24505 470 558 552 613 82 20 8 0
13 411 72 6 8342 4170 7861 226 192 242 346 54 16 6 0
3 64 3 0 1841 122 616 1 3 35 0 0 0 0 0
22 699 210 21 14058 12767 25198 1165 384 474 1056 332 44 41 2
4 105 3 3 1827 125 1580 0 1 35 170 3 9 0 1
1 10 0 0 217 0 39 0 0 6 0 0 0 0 0
20 422 181 9 6931 7255 6034 986 180 156 389 146 7 8 0
4 52 5 1 1261 126 363 2 1 16 26 2 1 0 0
1 10 0 0 480 0 44 0 0 1 0 0 0 0 0
11 480 54 1 6082 4345 18178 156 175 203 103 9 1 0 0
4 219 6 0 2165 607 9926 4 25 72 0 0 0 0 0
6 299 15 0 3179 1347 12094 20 74 86 0 0 0 0 0
6 156 12 3 4680 531 2189 11 16 107 201 6 8 3 0
3 230 3 0 2189 374 11175 1 43 63 0 0 0 0 0
1 67 0 0 874 0 2179 0 0 32 0 0 0 0 0
6 374 15 0 3931 1594 15630 20 138 97 0 0 0 0 0
6 181 14 1 2886 790 3095 16 34 52 47 4 0 0 0
9 429 35 1 5083 3240 24447 77 74 220 44 7 0 0 0
1 8 0 0 429 0 27 0 0 1 0 0 0 0 0
1 8 0 0 429 0 27 0 0 1 0 0 0 0 0
21 855 194 16 11851 15385 34631 1055 368 460 929 248 25 25 2
36 1593 596 34 20729 48889 61596 6070 1899 830 2816 990 126 74 6
34 1150 524 37 18635 32404 28894 4899 1381 678 2510 989 137 93 3
12 474 62 4 7767 4637 14204 182 161 281 241 36 7 2 0
8 308 24 4 4115 1917 12199 38 65 90 107 12 1 6 0
4 203 6 0 2149 561 9567 4 24 59 0 0 0 0 0
1 61 0 0 864 0 1797 0 0 33 0 0 0 0 0
2 129 1 0 1353 101 4413 0 14 25 0 0 0 0 0
10 461 44 1 6554 3761 12864 112 167 176 46 8 4 0 0
1 3 0 0 48 0 2 0 0 1 0 0 0 0 0
1 22 0 0 358 0 227 0 0 4 0 0 0 0 0
1 84 0 0 1306 0 3432 0 0 54 0 0 0 0 0
5 141 8 2 2208 428 2216 4 6 77 118 6 3 0 0
19 332 160 11 10291 5006 3995 796 213 241 500 160 22 12 1
14 389 82 9 9029 4274 6339 261 124 268 493 98 21 5 0
15 821 94 11 11805 9516 38785 327 442 499 1062 113 16 15 0
4 135 6 0 2323 395 3110 4 5 88 0 0 0 0 0
1 61 0 0 914 0 1782 0 0 48 0 0 0 0 0
1 22 0 0 462 0 215 0 0 16 0 0 0 0 0
2 50 0 1 862 0 917 0 0 44 50 0 0 0 0
6 390 15 0 4149 1690 16490 20 130 127 0 0 0 0 0
2 21 1 0 529 19 92 0 1 10 0 0 0 0 0
4 385 6 0 4225 1073 27723 4 41 190 0 0 0 0 0
10 545 44 1 7531 4534 21669 112 155 284 57 8 2 0 0
5 327 9 1 4472 1107 13720 7 43 190 105 3 5 0 0
1 40 0 0 771 0 750 0 0 30 0 0 0 0 0
2 65 1 0 1304 61 1038 0 2 42 0 0 0 0 0
2 155 1 0 1657 149 8956 0 3 53 0 0 0 0 0
2 91 1 0 1301 85 2217 0 3 48 0 0 0 0 0
2 194 1 0 1867 144 10560 0 25 48 0 0 0 0 0
1 44 0 0 497 0 928 0 0 18 0 0 0 0 0
2 216 1 0 1964 140 12127 0 38 54 0 0 0 0 0
6 96 14 1 1635 440 1058 16 10 36 18 4 1 0 0
2 58 1 0 1187 52 819 0 3 29 0 0 0 0 0
12 620 63 3 7068 5921 22184 191 315 216 233 28 18 1 0
6 316 14 1 4429 1388 8961 16 53 187 82 4 2 0 0
1 67 0 0 969 0 2175 0 0 36 0 0 0 0 0
6 190 14 1 2768 831 3635 16 28 54 53 4 5 0 0
6 278 10 5 3051 960 12647 7 62 79 298 7 4 5 1
5 261 5 5 2696 628 12505 2 53 68 302 2 4 5 1
25 1234 271 29 17125 24362 50219 1714 1368 817 2346 511 86 69 6
7 127 20 1 4274 693 1295 30 20 71 19 5 5 0 0
2 173 1 0 1602 155 9501 0 9 57 0 0 0 0 0
7 534 19 2 6049 2547 22488 26 189 243 245 8 17 1 0
2 76 1 0 766 38 1375 0 19 35 0 0 0 0 0
37 362 651 15 8823 11677 3580 7263 420 125 487 489 14 18 0
2 76 1 0 766 38 1375 0 19 35 0 0 0 0 0
4 165 6 0 2294 493 6450 4 1 98 0 0 0 0 0
2 215 1 0 2725 199 18284 0 8 137 0 0 0 0 0
2 111 1 0 1365 107 3107 0 2 50 0 0 0 0 0
13 623 77 1 8462 6840 22040 275 264 307 106 11 1 0 0
1 1 0 0 22 0 0 0 0 0 0 0 0 0 0
2 22 1 0 319 22 220 0 0 11 0 0 0 0 0
1 13 0 0 219 0 77 0 0 1 0 0 0 0 0
2 137 1 0 2209 135 6425 0 1 91 0 0 0 0 0
6 323 12 3 3992 1206 12735 11 65 127 265 6 7 3 0
3 153 3 0 2307 280 3933 1 13 111 0 0 0 0 0
5 309 10 0 3523 1106 13428 10 65 113 0 0 0 0 0
7 403 21 0 4382 2188 15258 35 115 173 0 0 0 0 0
1 61 0 0 864 0 1797 0 0 33 0 0 0 0 0
2 114 1 0 1773 110 4330 0 2 87 0 0 0 0 0
1 39 0 0 624 0 722 0 0 19 0 0 0 0 0
6 298 12 3 3325 1111 13088 11 62 120 255 6 0 3 0
4 257 3 3 2759 434 12278 1 38 110 261 0 0 3 0
1 26 0 0 563 0 305 0 0 20 0 0 0 0 0
3 154 3 0 1798 264 4697 1 22 41 0 0 0 0 0
1 67 0 0 874 0 2179 0 0 32 0 0 0 0 0
3 36 3 0 685 68 284 1 2 14 0 0 0 0 0
7 247 20 1 3677 1324 5831 30 20 154 116 5 1 0 0
3 82 2 1 1976 97 1069 0 3 83 53 1 4 0 0
12 539 61 5 8495 5139 27839 173 146 326 448 44 25 3 0
4 131 6 0 2667 373 2233 4 10 100 0 0 0 0 0
5 239 10 0 3138 942 18348 10 7 143 0 0 0 0 0
1 20 0 0 537 0 179 0 0 11 0 0 0 0 0
5 296 10 0 3307 1108 12815 10 38 129 0 0 0 0 0
1 46 0 0 519 0 1027 0 0 8 0 0 0 0 0
2 34 0 1 1358 0 292 0 0 29 30 0 2 0 0
1 67 0 0 874 0 2179 0 0 32 0 0 0 0 0
8 203 23 5 3142 1053 3923 33 24 94 290 17 15 5 1
1 7 0 0 203 0 16 0 0 5 0 0 0 0 0
17 910 130 6 12613 12395 37460 592 788 586 559 86 15 2 0
23 866 226 27 13940 15121 36215 1282 697 524 2417 412 60 76 1
29 1053 369 37 18198 25176 29338 2753 867 632 2386 809 94 86 6
12 580 51 15 8988 4634 25361 107 292 352 1086 78 38 33 2
9 559 35 1 7485 3906 26521 77 246 383 58 7 8 0 0
12 782 62 4 10331 6895 36092 182 519 453 595 36 37 2 0
3 65 2 1 2033 67 824 0 3 44 49 1 4 0 0
3 149 3 0 2541 266 3854 1 16 88 0 0 0 0 0
1 35 0 0 341 0 582 0 0 13 0 0 0 0 0
4 212 6 0 2889 598 6861 4 19 74 0 0 0 0 0
24 1221 261 15 16364 23714 48025 1713 1433 723 1351 292 76 19 0
3 131 3 0 2153 246 3625 1 8 64 0 0 0 0 0
5 211 9 1 2771 689 4914 7 38 78 73 3 3 0 0
1 133 0 0 1178 0 8741 0 0 37 0 0 0 0 0
3 36 2 1 1039 55 244 0 1 21 13 1 1 0 0
1 22 0 0 462 0 215 0 0 16 0 0 0 0 0
6 117 11 4 2673 367 1058 8 24 57 144 9 13 2 1
14 895 87 4 11757 9877 41670 320 718 576 310 41 6 2 1
2 96 1 0 2058 92 2250 0 2 106 0 0 0 0 0
8 383 26 2 6062 2286 12992 45 80 278 229 10 3 1 0
11 559 52 3 8076 4897 26968 138 178 305 309 27 14 0 0
1 37 0 0 614 0 638 0 0 28 0 0 0 0 0
3 1 2 1 10 1 0 0 0 0 1 1 0 0 0
2 2 0 1 10 0 0 0 0 0 2 0 0 0 0
2 65 1 0 1147 59 1111 0 3 45 0 0 0 0 0
4 72 5 1 1348 163 688 2 2 39 47 2 1 0 0
5 252 8 2 3128 899 9472 5 15 125 79 4 0 1 0
12 478 47 19 7763 3781 23744 85 131 324 1187 86 14 43 6
3 245 3 0 3627 464 18776 1 13 192 0 0 0 0 0
1 25 0 0 374 0 294 0 0 6 0 0 0 0 0
6 217 14 1 2753 981 5694 16 42 77 16 4 2 0 0
1 76 0 0 818 0 2819 0 0 31 0 0 0 0 0
7 292 20 1 3719 1528 7136 30 60 157 100 5 2 0 0
1 35 0 0 341 0 582 0 0 13 0 0 0 0 0
6 345 15 0 3914 1529 13427 20 98 118 0 0 0 0 0
2 137 1 0 1870 127 4577 0 5 49 0 0 0 0 0
3 277 3 0 2772 426 13924 1 64 87 0 0 0 0 0
8 206 25 3 3101 1232 3564 40 31 68 140 14 4 2 0
4 295 6 0 3742 831 20585 4 27 167 0 0 0 0 0
5 278 10 0 2873 990 12982 10 61 81 0 0 0 0 0
1 26 0 0 527 0 310 0 0 15 0 0 0 0 0
1 24 0 0 650 0 259 0 0 17 0 0 0 0 0
6 316 14 1 3652 1361 12630 16 91 98 33 4 2 0 0
3 86 3 0 1850 170 1231 1 1 60 0 0 0 0 0
6 104 15 0 2005 506 1238 20 7 40 0 0 0 0 0
9 386 35 1 4747 2719 10699 77 113 139 119 7 12 0 0
1 28 0 0 581 0 362 0 0 16 0 0 0 0 0
1 61 0 0 864 0 1797 0 0 33 0 0 0 0 0
2 160 1 0 1548 140 9088 0 10 41 0 0 0 0 0
1 21 0 0 262 0 206 0 0 4 0 0 0 0 0
4 325 6 0 3874 893 21432 4 41 169 0 0 0 0 0
16 831 115 5 9403 11199 38033 492 434 311 378 66 10 2 0
4 335 6 0 3202 773 15559 4 116 105 0 0 0 0 0
1 35 0 0 341 0 582 0 0 13 0 0 0 0 0
3 79 3 0 979 152 1195 1 3 31 0 0 0 0 0
2 36 1 0 476 36 581 0 0 14 0 0 0 0 0
5 200 10 0 2135 774 9864 10 13 51 0 0 0 0 0
1 27 0 0 506 0 329 0 0 22 0 0 0 0 0
5 394 10 0 3996 1524 25679 10 26 231 0 0 0 0 0
1 26 0 0 358 0 300 0 0 25 0 0 0 0 0
4 410 4 2 4112 846 34082 1 73 271 238 2 0 1 0
2 214 1 0 2507 192 18271 0 11 127 0 0 0 0 0
10 306 42 3 6456 2439 6149 97 86 216 141 22 1 1 0
14 299 80 11 7159 3236 4338 244 88 217 443 110 16 8 2
4 81 5 1 1748 175 1279 2 8 47 52 2 0 0 0
7 374 17 4 5217 1713 19039 19 84 254 323 12 20 4 0
16 398 110 10 8562 5002 6958 431 159 290 616 118 17 11 0
11 180 53 2 7139 1595 1790 148 70 160 65 16 0 1 0
3 30 1 2 909 15 119 0 2 19 41 0 0 1 0
10 296 39 6 6426 2244 7306 83 97 227 214 26 6 11 0
16 960 102 18 12902 11052 44468 354 824 552 1606 160 47 46 0
12 649 54 12 10473 5269 22909 126 368 404 1078 70 28 22 2
15 909 93 12 11742 9936 41390 322 830 536 1030 111 50 21 1
15 634 103 2 10740 8119 27115 430 307 426 133 24 5 1 0
14 648 82 9 10162 7093 19640 263 323 388 629 94 28 7 0
3 207 2 1 2483 210 17920 0 0 129 204 1 0 0 0
2 56 1 0 1342 52 713 0 2 52 0 0 0 0 0
11 725 53 2 10320 6030 33939 148 457 484 292 16 7 1 0
1 23 0 0 964 0 231 0 0 22 0 0 0 0 0
2 113 1 0 1941 97 3044 0 8 94 0 0 0 0 0
9 605 32 4 7142 3849 39165 59 223 420 501 22 22 3 0
2 35 1 0 1450 31 289 0 2 30 0 0 0 0 0
4 148 6 0 2526 402 4105 4 21 114 0 0 0 0 0
2 3 1 0 147 3 3 0 0 0 0 0 0 0 0
7 362 17 4 5541 1480 21554 17 72 230 540 16 4 2 0
2 229 1 0 2943 217 18693 0 6 155 0 0 0 0 0
1 15 0 0 398 0 95 0 0 10 0 0 0 0 0
13 466 69 9 9031 4673 12651 195 161 320 539 83 29 8 0
9 396 31 5 7371 2466 12231 53 104 319 464 27 15 4 0
2 32 0 1 798 0 411 0 0 25 30 0 1 0 0
3 52 1 2 2346 27 480 0 4 35 55 0 7 1 0
12 443 61 5 9127 4225 14245 174 146 293 340 42 8 4 0
20 761 177 13 12870 12692 17878 922 460 466 761 202 43 16 0
4 127 6 0 2642 345 2056 4 18 107 0 0 0 0 0
3 98 3 0 1904 176 1537 1 10 85 0 0 0 0 0
3 224 2 1 3183 250 8159 0 22 109 122 1 16 0 0
1 25 0 0 782 0 267 0 0 33 0 0 0 0 0
5 332 10 0 3732 1202 19605 10 63 198 0 0 0 0 0
3 176 1 2 3588 128 5931 0 13 153 186 0 6 1 0
2 97 1 0 1078 97 3025 0 0 35 0 0 0 0 0
2 265 1 0 3306 197 20673 0 34 173 0 0 0 0 0
3 223 2 1 3120 233 18076 0 4 137 203 1 1 0 0
6 297 15 0 4763 1431 19552 20 27 209 0 0 0 0 0
7 384 21 0 5115 2126 20139 35 89 243 0 0 0 0 0
7 417 19 2 6295 1988 14674 26 188 251 132 8 3 1 0
1 2 0 0 1 0 0 0 0 1 0 0 0 0 0
4 161 5 1 3024 396 3930 2 15 70 53 2 2 0 0
3 406 3 0 3787 664 34292 1 74 272 0 0 0 0 0
7 415 18 3 6673 1922 15356 23 143 338 272 9 5 3 0
1 33 0 0 1150 0 491 0 0 37 0 0 0 0 0
8 445 25 3 5733 2661 18346 38 94 218 246 18 10 0 0
5 327 10 0 4635 1196 21212 10 56 170 0 0 0 0 0
2 181 0 1 1490 0 15456 0 0 126 175 0 3 0 0
1 107 0 0 1488 0 5595 0 0 76 0 0 0 0 0
3 174 3 0 2287 314 5220 1 17 72 0 0 0 0 0
3 59 2 1 1571 76 529 0 0 36 38 1 2 0 0
2 35 1 0 1031 33 356 0 1 23 0 0 0 0 0
4 201 6 0 3480 563 8829 4 20 139 0 0 0 0 0
5 400 10 0 5679 1392 25385 10 104 268 0 0 0 0 0
13 721 74 4 10542 7269 23630 245 425 376 471 38 31 3 0
5 497 8 2 5259 1329 37085 5 135 324 385 4 2 1 0
1 76 0 0 818 0 2819 0 0 31 0 0 0 0 0
24 740 269 7 12603 15795 15839 1874 397 437 409 146 11 4 0
1 67 0 0 874 0 2179 0 0 32 0 0 0 0 0
3 279 3 0 3406 512 21463 1 23 174 0 0 0 0 0
1 67 0 0 874 0 2179 0 0 32 0 0 0 0 0
3 114 3 0 1475 210 2865 1 9 57 0 0 0 0 0
5 559 10 0 5939 1860 40790 10 188 375 0 0 0 0 0
2 124 1 0 2262 92 3824 0 16 102 0 0 0 0 0
13 790 74 4 11099 8099 36589 246 467 511 427 36 10 4 0
3 144 3 0 2057 262 3961 1 13 60 0 0 0 0 0
11 862 53 2 10831 7081 42165 147 608 484 257 18 33 0 0
2 270 1 0 3189 200 21040 0 35 186 0 0 0 0 0
6 546 15 0 7288 2338 30553 20 196 370 0 0 0 0 0
19 691 158 13 12408 10427 13182 765 547 457 843 187 37 17 0
17 836 130 6 11952 11756 25861 593 513 465 522 84 36 3 0
1 55 0 0 872 0 1449 0 0 36 0 0 0 0 0
1 77 0 0 1177 0 2866 0 0 60 0 0 0 0 0
2 62 1 0 1607 58 878 0 2 53 0 0 0 0 0
2 112 1 0 1901 104 3419 0 4 102 0 0 0 0 0
8 372 22 6 5218 2007 13584 35 128 269 341 6 0 15 0
7 342 15 6 4624 1485 13150 20 110 238 347 0 0 15 0
2 11 0 1 713 0 25 0 0 0 1 0 5 0 0
3 170 3 0 2345 318 4939 1 11 47 0 0 0 0 0
2 267 1 0 2863 221 20844 0 23 151 0 0 0 0 0
1 67 0 0 874 0 2179 0 0 32 0 0 0 0 0
10 538 42 3 8461 3891 18398 96 309 380 307 24 13 0 0
11 474 53 2 7876 4256 15307 147 158 324 164 18 2 0 0
2 194 1 0 2226 194 18028 0 0 120 0 0 0 0 0
19 962 163 8 13942 15040 40121 838 772 598 668 126 32 5 0
10 417 43 2 6928 3147 12071 104 214 250 170 16 4 0 0
13 811 76 2 9868 8632 43378 265 329 480 380 20 31 1 0
2 78 1 0 1345 76 1455 0 1 63 0 0 0 0 0
5 410 8 2 5062 1154 24677 5 99 233 236 4 26 1 0
15 886 102 3 11498 10788 39508 418 683 507 226 35 12 2 0
5 300 10 0 4596 1026 9383 10 87 195 0 0 0 0 0
13 595 71 7 8930 5841 17542 214 311 343 587 67 45 5 0
4 271 6 0 3605 731 9669 4 41 169 0 0 0 0 0
3 128 2 1 1924 142 4352 0 0 87 98 1 8 0 0
7 470 20 1 6806 2337 18066 30 157 305 135 5 17 0 0
2 24 1 0 327 24 130 0 0 6 0 0 0 0 0
3 324 3 0 3235 616 26766 1 16 157 0 0 0 0 0
1 2 0 0 324 0 1 0 0 0 0 0 0 0 0
2 298 1 0 3507 226 23620 0 36 196 0 0 0 0 0
1 92 0 0 1349 0 4107 0 0 79 0 0 0 0 0
10 506 43 2 6901 4120 18169 104 121 243 184 16 4 0 0
10 689 44 1 8292 5403 37765 112 287 306 186 8 19 0 0
4 115 4 2 2522 215 2670 1 3 71 120 2 2 1 0
6 515 15 0 6666 2283 29490 20 146 318 0 0 0 0 0
13 875 64 14 11335 7970 43686 193 651 565 1210 35 9 55 3
1 191 0 0 2093 0 18025 0 0 120 0 0 0 0 0
1 1 0 0 3 0 0 0 0 0 0 0 0 0 0
3 116 3 0 2609 214 2122 1 9 120 0 0 0 0 0
3 260 2 1 2489 380 18389 0 29 160 82 1 0 0 0
9 412 34 2 5662 2958 22829 70 101 258 134 14 1 0 0
4 449 6 0 5460 1075 29167 4 136 274 0 0 0 0 0
2 38 1 0 1104 36 387 0 1 19 0 0 0 0 0
3 75 1 2 1822 35 998 0 1 71 101 0 6 1 0
12 714 56 10 9453 6089 33188 129 282 442 1113 82 44 9 0
15 999 103 2 12094 12483 45993 430 545 575 391 24 11 1 0
1 44 0 0 893 0 905 0 0 41 0 0 0 0 0
1 38 0 0 784 0 677 0 0 26 0 0 0 0 0
2 258 1 0 3018 216 20200 0 21 156 0 0 0 0 0
4 210 5 1 3376 470 6186 2 29 107 94 2 4 0 0
18 596 148 5 11109 9043 12208 741 353 372 341 70 21 5 0
2 204 1 0 2380 200 18100 0 2 123 0 0 0 0 0
2 216 1 0 2617 204 18302 0 6 143 0 0 0 0 0
3 382 3 0 4721 604 27052 1 80 250 0 0 0 0 0
14 720 85 6 10076 7886 26693 298 429 377 570 60 23 6 0
9 476 33 3 8203 3104 23991 65 135 337 424 18 5 0 1
2 267 1 0 2863 221 20844 0 23 151 0 0 0 0 0
4 223 5 1 3503 533 6857 2 16 124 100 2 2 0 0
3 64 3 0 861 120 879 1 4 28 0 0 0 0 0
3 173 3 0 3000 314 5947 1 16 137 0 0 0 0 0
3 337 3 0 3797 558 23242 1 58 168 0 0 0 0 0
2 112 1 0 1464 102 3383 0 5 58 0 0 0 0 0
16 877 112 8 10694 10837 49355 456 537 536 1160 96 42 8 0
1 15 0 0 877 0 97 0 0 8 0 0 0 0 0
11 638 54 1 8964 5768 22550 156 240 356 112 9 10 0 0
4 476 6 0 4689 1180 36690 4 124 289 0 0 0 0 0
1 191 0 0 2093 0 18025 0 0 120 0 0 0 0 0
2 54 1 0 1472 50 915 0 2 43 0 0 0 0 0
1 191 0 0 2093 0 18025 0 0 120 0 0 0 0 0
32 810 467 29 16927 22087 13218 4141 681 466 1533 769 64 49 1
16 1026 117 3 13416 13214 47656 518 953 635 248 42 11 0 0
3 361 3 0 3593 612 24038 1 55 236 0 0 0 0 0
19 734 159 12 10990 11586 28150 778 294 406 974 178 32 13 0
2 226 1 0 2810 210 18598 0 8 142 0 0 0 0 0
3 165 2 1 2974 202 5751 0 11 160 98 1 4 0 0
1 79 0 0 1168 0 3015 0 0 66 0 0 0 0 0
2 234 1 0 2846 214 18905 0 10 143 0 0 0 0 0
1 15 0 0 750 0 85 0 0 20 0 0 0 0 0
1 35 0 0 734 0 553 0 0 42 0 0 0 0 0
