3 21 0 3 173 0 164 0 0 8 40 0 1 0 1
3 21 0 3 173 0 164 0 0 8 40 0 1 0 1
2 20 0 1 143 0 179 0 0 11 20 0 0 0 0
5 49 6 4 381 136 479 2 1 31 58 5 0 2 1
2 20 0 1 143 0 179 0 0 11 20 0 0 0 0
3 30 0 3 132 0 209 0 0 17 60 0 0 0 1
3 30 0 3 132 0 209 0 0 17 60 0 0 0 1
22 143 219 12 1261 2853 1504 1307 21 106 92 228 8 3 2
4 10 1 5 19 0 39 0 0 6 30 0 0 2 2
4 10 1 5 19 0 39 0 0 6 30 0 0 2 2
3 13 0 3 19 0 49 0 0 6 20 0 3 0 1
3 13 0 3 19 0 49 0 0 6 20 0 3 0 1
14 19 80 11 132 209 162 242 0 9 38 116 0 2 4
1 13 0 0 19 0 67 0 0 11 0 0 0 0 0
1 13 0 0 19 0 67 0 0 11 0 0 0 0 0
2 22 1 0 145 20 198 0 1 12 0 0 0 0 0
3 11 0 3 19 0 47 0 0 8 22 0 0 0 1
1 13 0 0 19 0 67 0 0 11 0 0 0 0 0
3 11 0 3 19 0 47 0 0 8 22 0 0 0 1
3 11 0 3 19 0 47 0 0 8 22 0 0 0 1
1 13 0 0 19 0 67 0 0 11 0 0 0 0 0
2 6 1 0 47 4 9 0 1 1 0 0 0 0 0
2 20 0 1 143 0 179 0 0 11 20 0 0 0 0
2 20 0 1 143 0 179 0 0 11 20 0 0 0 0
1 5 0 0 29 0 9 0 0 1 0 0 0 0 0
6 29 14 1 189 114 186 16 4 11 19 4 2 0 0
1 21 0 0 143 0 198 0 0 12 0 0 0 0 0
1 2 0 0 22 0 1 0 0 0 0 0 0 0 0
3 30 2 1 248 28 305 0 2 22 28 1 0 0 0
2 21 1 0 142 21 198 0 0 12 0 0 0 0 0
3 8 3 0 52 10 9 1 3 2 0 0 0 0 0
2 5 1 0 35 1 3 0 2 1 0 0 0 0 0
4 33 5 1 262 64 312 2 4 23 27 2 0 0 0
1 1 0 0 21 0 0 0 0 0 0 0 0 0 0
3 22 3 0 141 42 198 1 1 12 0 0 0 0 0
2 4 1 0 39 2 1 0 1 1 0 0 0 0 0
2 21 0 1 143 0 179 0 0 11 21 0 0 0 0
3 21 2 1 142 20 179 0 1 11 20 1 0 0 0
2 38 0 1 418 0 351 0 0 40 34 0 2 0 0
3 44 2 1 414 48 398 0 12 52 10 1 3 0 0
3 70 1 2 622 50 1105 0 9 54 66 0 3 1 0
1 27 0 0 243 0 328 0 0 23 0 0 0 0 0
1 29 0 0 249 0 389 0 0 17 0 0 0 0 0
1 29 0 0 249 0 389 0 0 17 0 0 0 0 0
14 191 71 20 1391 2019 3811 167 65 160 284 163 25 25 9
6 69 5 10 668 113 636 1 14 49 178 3 13 11 5
28 243 355 23 2549 5826 2341 2716 140 195 369 524 43 34 2
3 47 2 1 436 48 459 0 9 38 26 1 1 0 0
4 32 3 3 297 30 282 0 3 24 52 2 4 2 0
6 62 6 9 529 122 619 1 13 40 134 6 14 9 4
3 75 1 2 666 50 1124 0 9 55 70 0 6 1 0
1 29 0 0 249 0 389 0 0 17 0 0 0 0 0
5 97 4 6 812 122 1335 0 14 59 208 3 15 6 1
5 40 2 8 566 27 169 0 3 28 105 0 11 6 4
6 43 4 11 516 57 315 0 10 35 114 3 12 10 7
6 50 7 8 479 86 381 1 9 28 122 7 12 11 1
2 4 1 0 168 2 0 0 1 2 0 0 0 0 0
6 61 6 9 667 96 426 0 11 39 159 7 14 10 3
9 85 22 14 829 391 722 17 24 57 207 41 17 21 5
5 25 4 6 320 25 116 0 2 16 61 4 5 4 2
6 21 6 9 414 17 31 1 8 17 48 7 12 7 5
7 67 8 13 663 179 645 2 16 44 167 9 12 16 8
9 97 16 20 867 423 1286 7 19 61 291 26 12 39 12
3 25 0 3 279 0 135 0 0 17 40 0 5 0 1
20 209 174 16 2012 3445 2206 877 144 211 170 242 34 17 4
4 24 4 2 249 39 139 1 4 18 23 2 1 1 0
30 249 418 17 3623 6327 2032 3602 272 233 252 442 49 14 2
4 46 5 1 756 105 271 2 6 35 21 2 0 0 0
3 74 2 1 400 73 2345 0 1 73 71 1 1 0 0
3 98 2 1 589 97 2685 0 1 81 73 1 12 0 0
6 65 11 4 848 209 662 6 11 51 86 12 4 2 0
7 197 15 6 1473 675 4064 14 87 153 303 13 15 7 1
5 85 6 4 667 176 2324 2 5 83 154 4 0 4 0
5 84 7 3 765 217 940 4 23 61 63 3 5 3 0
8 101 20 8 879 483 1437 20 16 79 184 24 4 12 0
6 143 11 4 1055 524 3114 8 31 136 115 8 7 4 0
4 86 3 3 668 160 2393 1 5 83 86 0 1 3 0
3 100 3 0 613 180 2801 1 10 90 0 0 0 0 0
1 2 0 0 100 0 1 0 0 0 0 0 0 0 0
8 202 21 7 1617 862 4021 23 87 152 328 25 25 7 1
5 206 7 3 1183 535 5612 3 63 190 141 5 11 2 0
10 145 32 13 1220 757 2266 41 50 78 412 57 18 19 3
12 147 47 19 1101 1188 2964 75 30 132 353 106 8 33 6
2 97 0 1 591 0 2685 0 0 81 73 0 12 0 0
5 105 6 4 811 262 2467 1 8 106 132 6 5 3 0
3 62 1 2 559 45 655 0 4 57 59 0 6 1 0
2 10 1 0 119 6 14 0 2 10 0 0 0 0 0
1 71 0 0 388 0 2412 0 0 73 0 0 0 0 0
1 17 0 0 224 0 126 0 0 10 0 0 0 0 0
6 194 11 4 1225 609 3648 7 69 141 207 10 8 3 0
8 151 18 10 1703 652 1959 17 75 123 213 22 21 13 4
12 252 43 23 1943 1573 4259 65 156 144 779 90 54 55 10
4 132 2 4 797 149 3498 0 25 103 171 1 13 2 1
13 238 68 10 2363 2190 2739 187 147 232 312 90 30 7 2
14 261 67 24 2356 2234 4131 152 170 184 753 147 33 54 11
5 161 5 5 1129 297 3795 2 46 130 239 2 8 5 1
3 13 1 2 265 2 22 0 1 17 18 0 2 1 0
2 31 0 1 356 0 328 0 0 29 27 0 2 0 0
5 125 9 1 1073 343 1828 7 48 99 43 3 9 0 0
7 154 10 11 983 390 3619 2 43 104 400 14 24 16 3
12 309 44 22 1833 1842 5711 63 219 197 991 99 64 53 5
4 121 3 3 753 121 3381 0 24 99 190 2 2 2 0
1 50 0 0 323 0 1186 0 0 39 0 0 0 0 0
3 37 1 2 356 26 347 0 1 40 38 0 4 1 0
2 23 1 0 530 19 118 0 2 23 0 0 0 0 0
6 163 6 9 1057 292 3970 1 51 132 407 4 7 13 2
2 72 0 1 439 0 2344 0 0 72 70 0 1 0 0
4 59 4 2 580 108 638 1 12 42 37 2 4 1 0
17 223 122 14 2858 2832 1541 490 180 243 322 170 27 20 0
2 73 1 0 546 55 1423 0 9 55 0 0 0 0 0
5 92 5 5 770 145 1455 0 20 62 153 6 15 3 1
29 276 372 34 3552 5843 2621 2875 336 209 1091 648 61 123 8
2 67 1 0 537 59 1312 0 4 49 0 0 0 0 0
1 71 0 0 388 0 2412 0 0 73 0 0 0 0 0
1 50 0 0 323 0 1186 0 0 39 0 0 0 0 0
5 13 6 4 275 11 11 2 9 1 13 4 5 4 0
1 50 0 0 323 0 1186 0 0 39 0 0 0 0 0
72 388 2483 73 5838 23541 1164 54787 1424 259 925 4612 117 225 16
11 206 42 13 1995 1497 3322 83 95 154 337 53 18 23 6
7 220 16 5 1393 810 4917 16 115 193 268 13 6 6 0
1 13 0 0 209 0 55 0 0 23 0 0 0 0 0
1 3 0 0 125 0 2 0 0 1 0 0 0 0 0
8 171 26 2 1569 998 2737 44 46 164 99 12 4 0 0
2 33 0 1 336 0 472 0 0 24 31 0 1 0 0
7 138 16 5 1307 525 1663 15 39 109 179 15 23 5 0
8 247 22 6 1639 1189 5302 28 136 196 218 21 25 6 1
4 171 4 2 978 308 4549 1 50 157 97 2 4 1 0
6 267 13 2 1475 918 6882 13 144 231 111 6 9 1 0
5 197 6 4 1241 436 4763 4 67 184 198 0 10 6 0
4 16 5 1 457 30 28 2 6 15 2 2 2 0 0
12 188 58 8 2426 1577 1975 149 107 194 263 62 7 9 0
3 114 3 0 822 184 2347 1 22 95 0 0 0 0 0
8 224 23 5 1763 1083 3792 30 97 184 243 22 24 4 0
2 73 0 1 490 0 2346 0 0 72 71 0 1 0 0
1 6 0 0 182 0 14 0 0 1 0 0 0 0 0
5 173 7 3 975 346 4121 2 52 130 214 7 14 1 0
8 149 17 11 1338 532 2395 12 55 117 373 24 14 18 2
3 39 1 2 441 8 460 0 0 33 66 0 2 1 0
7 182 20 1 1540 864 3669 30 69 167 74 5 8 0 0
6 166 7 8 1127 370 4045 2 53 133 338 6 8 10 2
2 27 0 1 574 0 181 0 0 30 23 0 2 0 0
14 209 68 23 2087 1668 3373 160 78 162 817 143 38 50 11
8 138 21 7 1366 592 1444 24 65 79 202 23 21 8 1
29 240 375 31 3349 5660 1727 2912 241 206 474 656 52 77 9
4 122 3 3 701 188 3446 1 26 99 122 0 2 3 0
22 314 202 29 3432 4635 3966 1052 356 220 1151 401 48 82 5
20 236 179 11 2952 3548 3019 962 179 196 526 160 26 16 2
6 162 10 5 1007 454 4110 6 58 141 240 8 0 6 0
7 254 13 8 1447 849 5658 12 127 204 379 8 21 13 2
17 324 122 14 2743 4026 4822 491 237 272 584 169 50 19 1
5 58 6 4 575 142 620 1 12 40 58 6 4 3 0
51 323 1236 39 4985 13765 1850 19030 817 223 623 1685 64 104 6
5 211 7 3 1382 474 5457 3 59 196 222 5 15 2 0
4 120 4 2 655 188 3443 1 27 101 118 2 0 1 0
2 73 1 0 391 69 2413 0 2 73 0 0 0 0 0
1 50 0 0 323 0 1186 0 0 39 0 0 0 0 0
9 268 25 11 1597 1291 5702 30 140 199 509 33 32 19 2
6 184 12 3 1043 603 4653 9 66 136 163 10 11 1 0
14 313 67 24 2306 2624 4684 143 190 222 939 159 63 57 5
2 52 1 0 329 46 1148 0 3 31 0 0 0 0 0
14 161 74 17 2064 1342 2094 219 86 123 537 91 21 49 5
24 243 260 16 3857 4446 1792 1704 348 201 337 292 55 24 4
4 125 5 1 765 267 3525 2 27 103 54 2 0 0 0
3 119 1 2 657 70 3442 0 24 101 120 0 0 1 0
1 33 0 0 328 0 502 0 0 26 0 0 0 0 0
42 364 820 41 4881 12315 2550 9972 820 297 851 1383 59 118 7
17 365 115 21 2682 4201 6064 412 283 288 955 226 59 37 5
6 255 12 3 1571 828 6213 10 117 239 173 8 20 2 0
11 252 36 19 1867 1626 5336 50 136 223 540 66 41 42 7
6 114 13 2 1137 439 1662 12 37 95 49 8 4 0 0
3 9 3 0 363 10 8 1 4 5 0 0 0 0 0
13 252 62 16 2623 2105 3655 150 154 249 541 104 35 24 8
3 128 2 1 892 119 3096 0 25 125 75 1 6 0 0
18 224 143 10 3090 3075 2201 665 232 214 239 142 15 9 0
1 41 0 0 364 0 779 0 0 41 0 0 0 0 0
18 234 135 18 2927 3030 2940 564 187 205 508 221 33 26 5
22 329 206 25 2936 5157 4904 1112 257 225 1176 360 31 64 4
1 33 0 0 328 0 502 0 0 26 0 0 0 0 0
24 375 229 47 3286 6135 4697 1166 395 249 1534 694 83 152 12
1 49 0 0 321 0 1146 0 0 30 0 0 0 0 0
7 281 21 0 1667 1300 7164 35 193 281 0 0 0 0 0
50 321 1195 30 5595 13394 1509 18190 942 246 343 1382 54 26 2
10 150 31 14 1890 807 1517 36 46 123 369 61 41 18 5
4 183 5 1 1150 363 4320 2 56 191 60 2 7 0 0
1 33 0 0 328 0 502 0 0 26 0 0 0 0 0
4 163 4 2 998 280 4233 1 41 144 125 2 1 1 0
1 50 0 0 323 0 1186 0 0 39 0 0 0 0 0
1 6 0 0 281 0 15 0 0 0 0 0 0 0 0
13 311 61 17 2420 2530 5291 134 191 250 746 120 37 29 3
3 70 2 1 846 94 950 0 8 65 28 1 1 0 0
5 195 8 2 1297 513 4808 5 72 152 99 4 12 1 0
7 204 16 5 1512 776 4769 13 82 185 276 19 4 3 0
1 33 0 0 328 0 502 0 0 26 0 0 0 0 0
1 26 0 0 252 0 293 0 0 32 0 0 0 0 0
2 48 0 1 321 0 1099 0 0 29 48 0 0 0 0
1 49 0 0 321 0 1146 0 0 30 0 0 0 0 0
9 179 25 11 1515 931 3102 27 50 137 353 42 24 10 5
10 324 29 16 1840 1713 7615 36 198 267 749 46 29 32 6
2 40 0 1 371 0 492 0 0 32 34 0 3 0 0
1 9 0 0 77 0 22 0 0 14 0 0 0 0 0
34 328 535 26 2394 9642 4771 5202 215 247 692 735 30 44 3
12 265 55 11 2052 2038 4292 123 169 211 483 85 28 11 1
19 381 133 38 2501 4756 6784 489 304 298 1372 329 61 136 15
6 151 12 3 1452 537 3281 9 46 129 120 10 3 1 0
2 40 0 1 371 0 492 0 0 32 34 0 3 0 0
6 165 10 5 1219 454 3918 6 51 138 253 8 8 6 0
2 48 0 1 321 0 1099 0 0 29 48 0 0 0 0
1 32 0 0 329 0 454 0 0 42 0 0 0 0 0
2 52 0 1 438 0 1105 0 0 29 48 0 2 0 0
1 50 0 0 323 0 1186 0 0 39 0 0 0 0 0
1 49 0 0 321 0 1146 0 0 30 0 0 0 0 0
10 328 40 5 2004 2149 7069 84 225 258 309 32 22 4 0
10 77 31 14 1439 363 549 39 20 58 236 55 27 21 5
2 54 1 0 596 38 683 0 8 55 0 0 0 0 0
3 137 3 0 872 204 2968 1 35 118 0 0 0 0 0
16 385 83 37 2121 3863 7944 187 319 298 1174 247 50 107 19
25 333 261 39 3705 5807 3721 1538 412 260 1215 633 73 123 6
13 309 69 9 2395 2718 5387 195 244 275 434 83 34 8 0
21 316 184 26 3698 4658 2628 907 376 223 768 356 71 63 4
3 115 1 2 660 87 3242 0 14 97 115 0 0 1 0
27 252 319 32 3151 4933 2913 2216 330 175 869 622 45 83 4
8 362 26 2 1894 1865 8944 45 249 321 149 10 11 1 0
1 40 0 0 300 0 747 0 0 33 0 0 0 0 0
4 108 2 4 783 80 2530 0 3 84 218 1 10 2 1
10 214 27 18 1858 1102 2928 35 110 169 516 36 44 39 10
3 115 1 2 660 87 3242 0 14 97 115 0 0 1 0
1 40 0 0 300 0 747 0 0 33 0 0 0 0 0
2 32 0 1 328 0 471 0 0 25 32 0 0 0 0
7 170 13 8 1278 615 4463 8 32 169 321 15 10 11 1
41 300 787 33 4445 10123 1805 9465 560 232 655 1107 51 84 4
1 32 0 0 329 0 454 0 0 42 0 0 0 0 0
21 256 178 32 3179 3660 2203 821 237 193 874 416 56 87 6
13 326 67 11 2273 3065 6297 179 226 297 333 94 31 12 1
2 87 1 0 593 57 1782 0 15 79 0 0 0 0 0
2 52 1 0 597 42 804 0 5 42 0 0 0 0 0
2 32 0 1 328 0 471 0 0 25 32 0 0 0 0
5 153 8 2 1183 357 2397 5 67 130 99 4 11 1 0
1 40 0 0 300 0 747 0 0 33 0 0 0 0 0
8 174 21 7 1663 778 2536 24 62 166 272 23 22 8 1
6 210 10 5 1489 599 4321 5 70 178 255 10 28 5 0
1 68 0 0 371 0 2209 0 0 69 0 0 0 0 0
7 166 15 6 1255 530 3345 14 46 140 346 14 14 5 2
3 87 2 1 711 76 1233 0 17 61 46 1 9 0 0
1 21 0 0 286 0 181 0 0 29 0 0 0 0 0
8 125 18 10 1756 470 1044 15 49 107 241 27 33 9 5
12 203 41 25 2143 1287 3566 56 80 170 714 92 36 58 14
1 68 0 0 371 0 2209 0 0 69 0 0 0 0 0
22 286 202 29 2919 4540 3499 1065 196 218 978 374 48 97 4
7 209 18 3 1518 908 4514 22 102 181 138 11 2 2 0
8 305 26 2 1844 1523 7220 45 254 311 84 10 10 1 0
6 151 8 7 1271 262 2923 2 32 134 391 10 19 6 2
4 137 5 1 978 263 2419 2 42 100 46 2 9 0 0
16 420 91 29 2311 4480 8530 271 407 318 870 186 68 89 14
6 100 6 9 1166 179 2110 0 12 88 269 7 14 10 3
48 325 1082 46 5373 12716 1198 15296 886 292 641 1892 73 100 8
7 173 17 4 1382 693 3590 19 41 156 237 13 13 2 1
1 68 0 0 371 0 2209 0 0 69 0 0 0 0 0
33 329 486 42 4790 8203 2093 4291 674 224 793 1043 92 107 15
4 99 3 3 874 113 1711 0 18 81 138 2 5 2 0
8 212 20 8 1705 812 3932 22 95 172 436 23 23 8 3
69 371 2277 69 5306 21794 1598 47967 1088 244 1046 4242 106 174 11
12 98 46 20 2215 556 435 70 74 72 296 108 39 34 8
18 198 124 29 3490 2339 1144 443 224 164 487 293 46 69 11
1 32 0 0 329 0 454 0 0 42 0 0 0 0 0
1 47 0 0 325 0 1035 0 0 46 0 0 0 0 0
7 126 11 10 913 350 2970 4 27 103 322 15 15 13 3
6 85 7 8 801 162 2039 1 9 73 221 8 12 9 2
1 68 0 0 371 0 2209 0 0 69 0 0 0 0 0
2 67 0 1 371 0 2143 0 0 68 67 0 0 0 0
2 67 0 1 371 0 2143 0 0 68 67 0 0 0 0
7 96 12 9 1135 318 1256 7 30 92 172 15 13 9 4
5 103 8 2 942 250 1728 5 30 88 88 4 7 1 0
13 224 63 15 1987 1828 3779 152 128 158 560 107 22 23 4
7 219 18 3 1748 971 4632 22 104 182 121 11 7 2 0
3 89 2 1 738 86 2235 0 8 90 70 1 3 0 0
12 245 46 20 1944 1649 4088 72 163 183 600 104 60 36 8
1 68 0 0 371 0 2209 0 0 69 0 0 0 0 0
1 68 0 0 371 0 2209 0 0 69 0 0 0 0 0
1 68 0 0 371 0 2209 0 0 69 0 0 0 0 0
1 68 0 0 371 0 2209 0 0 69 0 0 0 0 0
8 122 14 14 1150 417 1841 5 26 105 355 25 15 19 7
1 68 0 0 371 0 2209 0 0 69 0 0 0 0 0
9 184 23 13 1281 808 3565 21 70 163 452 38 36 22 3
12 319 54 12 2050 2655 7517 117 177 251 462 88 19 13 2
1 20 0 0 256 0 158 0 0 32 0 0 0 0 0
10 235 31 14 1649 1208 4238 33 116 202 605 65 35 19 3
2 26 0 1 449 0 130 0 0 27 22 0 2 0 0
11 281 40 15 1939 1866 6253 63 146 256 590 74 31 23 5
1 47 0 0 325 0 1035 0 0 46 0 0 0 0 0
2 97 1 0 617 73 2564 0 12 120 0 0 0 0 0
1 68 0 0 371 0 2209 0 0 69 0 0 0 0 0
10 194 38 7 2155 1269 1925 71 111 241 219 43 18 5 1
30 272 384 51 3888 5968 1783 2826 344 202 1056 1059 88 156 19
1 68 0 0 371 0 2209 0 0 69 0 0 0 0 0
2 87 1 0 593 57 1782 0 15 79 0 0 0 0 0
14 176 77 14 2406 1657 1383 230 106 178 349 104 35 26 4
13 282 61 17 2301 2485 4275 141 169 237 489 109 36 30 6
5 103 8 2 1092 307 1501 5 33 97 35 4 2 1 0
19 213 152 19 3137 2857 1531 686 230 170 459 245 29 36 2
5 79 6 4 919 150 980 2 10 51 124 4 11 4 0
14 205 75 16 2565 1900 2000 203 127 159 441 131 35 29 1
2 28 1 0 538 24 152 0 2 34 0 0 0 0 0
3 108 2 1 751 142 2600 0 17 122 30 1 5 0 0
1 68 0 0 371 0 2209 0 0 69 0 0 0 0 0
9 260 29 7 1769 1403 4969 41 131 177 351 38 32 4 1
12 231 53 13 2259 1809 3069 110 164 214 358 92 23 16 2
7 109 19 2 1296 514 871 26 47 129 36 8 5 1 0
4 118 4 2 984 229 2621 1 24 129 59 2 9 1 0
2 97 1 0 617 73 2564 0 12 120 0 0 0 0 0
13 179 65 13 2126 1524 1864 168 108 134 362 95 23 21 2
16 266 103 17 2424 3088 4273 354 144 232 544 176 35 28 2
2 21 1 0 369 17 107 0 2 13 0 0 0 0 0
16 293 108 12 1924 3491 5217 419 199 256 438 114 34 27 0
1 6 0 0 82 0 14 0 0 1 0 0 0 0 0
2 5 0 1 82 0 10 0 0 0 5 0 0 0 0
7 82 20 1 820 458 1011 30 17 78 0 5 0 0 0
2 5 0 1 82 0 10 0 0 0 5 0 0 0 0
3 65 1 2 827 38 717 0 7 47 62 0 8 1 0
1 15 0 0 293 0 93 0 0 12 0 0 0 0 0
4 48 3 3 805 76 311 1 9 38 48 0 1 3 0
13 246 68 10 2036 2391 4449 197 129 197 279 70 12 17 2
9 152 27 9 1739 850 1748 37 81 127 184 33 10 12 2
1 12 0 0 246 0 56 0 0 10 0 0 0 0 0
5 57 6 4 1010 128 354 2 15 37 60 4 5 4 0
6 77 8 7 1161 209 525 4 19 66 122 6 8 8 2
1 15 0 0 293 0 93 0 0 12 0 0 0 0 0
3 2 3 0 2 2 0 1 1 0 0 0 0 0 0
2 4 1 0 15 2 2 0 1 0 0 0 0 0 0
3 17 3 0 293 32 93 1 1 12 0 0 0 0 0
2 4 1 0 15 2 2 0 1 0 0 0 0 0 0
2 34 0 1 555 0 252 0 0 29 24 0 5 0 0
1 2 0 0 2 0 1 0 0 0 0 0 0 0 0
