10 267 33 12 3375 1514 4614 49 132 531 521 46 52 25 0
29 380 341 65 5728 7961 3920 2180 407 601 1605 1228 130 211 35
66 716 1998 147 10893 35315 3892 37496 3344 821 3645 7210 446 964 90
50 665 1104 121 9552 24924 5501 14555 1586 873 3747 4337 371 653 55
51 674 1138 137 9602 25504 5183 15128 1546 874 4196 4760 454 858 79
14 264 64 27 3555 2114 3815 132 101 411 952 151 82 70 11
32 389 438 58 6354 9444 2360 3410 573 485 1135 1379 167 152 19
16 310 95 25 4207 3236 4216 277 211 532 874 221 59 57 5
19 368 137 34 5311 4435 4577 506 274 587 1369 358 136 95 10
17 273 114 22 4684 3085 2253 395 225 450 669 244 82 37 4
12 157 43 23 2287 1049 1273 56 49 254 468 111 56 40 13
10 271 27 18 2993 1313 4983 27 73 456 818 51 81 33 9
70 743 2270 145 11013 39824 4057 45871 3535 876 3481 7941 446 865 63
31 380 402 63 6288 8798 2501 2889 519 508 1258 1409 153 173 24
24 465 227 49 5309 7770 6600 1132 370 756 1851 722 167 154 16
15 225 91 14 3557 2442 2176 302 161 352 332 128 27 21 4
18 401 125 28 4619 4791 6526 442 324 741 1124 308 127 58 8
10 224 32 13 2119 1399 7785 41 56 422 439 58 33 17 4
16 244 97 23 4057 2485 2071 299 245 377 565 207 60 47 7
11 121 42 13 2010 826 703 78 35 144 280 62 17 20 5
19 357 155 16 5096 5109 5263 716 358 561 479 235 61 17 1
21 352 194 16 4757 5792 5039 1043 355 520 438 270 50 17 0
15 147 81 24 2832 1489 815 203 57 187 407 200 24 44 8
19 306 127 44 3052 3324 7652 407 171 464 1666 396 88 146 20
7 227 19 2 2249 1070 8189 25 54 461 162 10 11 0 0
6 113 15 0 1716 513 1090 20 26 145 0 0 0 0 0
7 181 13 8 1347 550 7432 8 27 346 440 14 21 13 0
19 253 147 24 3642 3471 2357 624 218 315 543 293 52 41 11
6 86 13 2 1208 338 646 13 13 136 48 6 9 1 0
10 235 31 14 2242 1417 7917 37 78 429 464 60 39 17 6
11 127 34 21 2018 676 855 44 51 129 436 64 28 46 11
21 326 179 31 5147 4764 3080 844 398 492 766 392 97 85 9
11 125 39 16 1938 742 751 65 64 132 336 65 22 26 9
14 146 72 19 2641 1353 802 185 82 186 333 139 24 31 9
12 287 46 20 2757 1738 8158 76 110 506 1091 92 54 48 4
17 306 106 30 3048 3131 7956 339 180 494 1255 241 75 91 9
9 231 33 3 2344 1437 7959 65 48 434 293 17 11 2 0
6 99 12 3 1522 360 748 8 18 137 77 12 11 0 0
9 210 24 12 1698 866 7487 21 58 372 606 44 46 17 2
10 141 43 2 2067 1095 983 104 46 200 64 16 9 0 0
8 201 16 12 1758 784 7616 8 19 398 531 28 27 16 4
14 308 66 25 2955 2223 8438 139 137 537 1335 160 86 55 10
23 382 212 41 5824 5993 4100 1076 248 652 1553 565 181 94 36
17 314 103 33 3120 2878 7778 310 195 486 1562 257 97 101 12
127 701 7685 316 10664 78551 2389 295816 2862 686 3239 35761 406 1655 143
8 221 18 10 1972 961 7898 12 48 430 428 31 31 10 3
16 298 93 27 2932 2744 7943 281 173 501 1248 192 66 75 12
20 387 143 47 4123 4410 8281 521 331 598 2041 413 120 185 21
22 397 182 49 4614 5305 8174 801 323 620 2142 526 122 185 28
14 245 76 15 2069 2086 7614 214 111 415 779 121 49 28 1
17 323 97 39 2938 2829 8235 252 169 517 1801 292 100 115 21
10 202 39 6 1591 1244 7463 78 68 404 396 36 21 6 0
16 294 97 23 4060 3237 3530 292 178 559 689 219 64 44 5
10 215 33 12 3138 1300 2745 51 74 418 403 46 42 19 4
8 77 22 6 1658 386 353 26 27 98 73 25 13 4 1
8 113 22 6 1542 514 794 28 37 141 175 21 14 6 1
8 193 19 9 1605 800 7524 17 30 388 461 26 15 11 2
9 109 26 10 1815 535 738 34 41 114 211 30 22 20 0
22 267 193 38 4688 4172 2182 893 262 359 781 540 65 101 6
32 363 438 58 4908 9108 2151 3395 430 386 1039 1404 123 147 14
8 201 23 5 2154 830 7495 33 21 413 521 16 7 7 0
9 203 25 11 1832 1002 7559 27 32 376 500 38 29 18 1
12 198 51 15 3121 1475 1953 99 85 291 443 94 45 25 2
26 435 285 40 5916 8328 5907 1763 414 621 1485 722 117 107 8
13 254 63 15 2361 1798 7529 160 59 453 1036 87 48 39 0
11 241 43 12 3773 1586 2866 75 110 486 504 73 50 16 1
11 139 43 12 2360 894 816 76 74 191 286 71 31 17 1
20 423 158 32 5485 5713 6055 656 380 731 1360 399 102 78 7
9 131 30 6 1880 700 931 51 61 162 194 24 16 9 0
12 170 48 18 3144 1244 1390 90 52 251 434 86 44 38 6
10 119 31 14 1896 636 808 40 37 141 297 51 32 26 3
21 269 176 34 4535 3949 2240 778 230 361 865 468 53 74 10
16 328 100 20 4770 3575 4281 328 251 575 705 186 69 44 2
18 383 124 29 4310 4669 9214 456 338 662 1026 264 70 88 8
19 392 143 28 4132 4954 9058 589 379 653 1184 292 80 80 8
15 339 77 28 3700 3190 8808 194 231 573 970 167 62 85 9
8 151 16 12 2492 528 1567 15 54 277 377 16 22 19 6
15 332 82 23 3657 3195 8676 234 170 561 989 150 62 64 7
7 135 20 1 2093 688 1553 30 32 267 42 5 8 0 0
5 113 10 0 1494 418 1531 10 17 250 0 0 0 0 0
2 39 1 0 389 39 411 0 0 40 0 0 0 0 0
3 64 3 0 820 124 668 1 2 83 0 0 0 0 0
9 195 28 8 2970 1046 2612 39 115 382 228 36 28 7 2
9 157 29 7 2707 911 1617 43 45 271 225 34 15 6 1
49 675 1029 147 9097 23606 5313 12574 1755 785 4314 4888 485 865 97
15 393 91 14 4005 4209 11074 295 189 706 801 139 57 20 1
44 609 828 118 9146 18695 4791 9117 1460 776 3792 3382 390 661 84
21 524 171 39 5200 7395 12210 716 402 920 1903 500 189 101 13
6 123 13 2 1453 493 1334 13 35 194 42 6 5 1 0
12 340 59 7 3263 3051 10564 156 133 711 407 58 8 6 0
24 435 222 54 6193 6982 4134 1078 456 758 1787 725 162 200 21
13 269 62 16 3696 2304 4223 146 123 409 528 109 75 26 5
5 146 10 0 2160 486 2446 10 49 337 0 0 0 0 0
21 487 187 23 4961 7484 12004 944 350 824 1322 338 117 45 3
4 103 5 1 1302 248 1171 2 9 147 33 2 5 0 0
15 320 84 21 4658 3083 4386 237 129 571 889 170 125 41 7
7 256 16 5 2212 969 9297 13 46 603 353 20 61 1 1
17 222 101 35 2836 1360 6336 338 50 402 1962 180 65 141 21
28 524 287 91 5842 8835 6469 1486 562 664 3425 1281 382 442 67
9 234 29 7 2747 1342 4175 43 80 439 300 33 35 8 0
9 113 26 10 2178 519 620 35 42 162 255 32 23 13 4
16 355 97 23 4849 3493 4614 309 231 610 1106 188 132 55 8
20 351 152 38 4476 4919 3908 583 252 591 1038 443 104 101 13
19 270 132 39 4469 3356 2000 443 162 422 1032 402 74 111 13
10 256 40 5 2556 1795 8576 82 58 513 347 36 23 2 0
15 185 80 25 3338 1778 1115 202 87 268 574 190 32 54 9
14 309 79 12 4788 3041 3758 239 234 647 408 108 50 15 2
11 133 38 17 1956 845 907 52 45 194 319 78 38 30 5
20 411 153 37 4930 5718 5020 593 346 708 1161 436 119 103 8
17 419 100 36 4962 4220 6433 266 316 645 1432 301 210 100 13
9 143 25 11 2226 777 1391 29 43 261 245 38 18 12 5
22 558 169 62 5786 7203 8553 607 526 805 2815 670 324 219 44
11 246 44 11 2498 1826 8380 80 57 474 460 73 30 10 2
16 175 87 33 2912 1686 926 219 97 218 603 238 71 85 18
33 486 450 78 7129 11549 4787 3362 658 734 2265 1797 211 270 27
15 127 73 32 1981 1075 692 148 56 160 481 218 55 69 20
15 379 77 28 4144 3397 5982 177 233 622 1127 203 158 64 11
44 533 825 121 9043 15646 3841 9187 1580 741 3393 3103 360 883 71
49 565 1046 130 9477 19209 3442 13473 1906 760 3295 3864 402 1015 72
27 526 264 87 6330 8659 6472 1293 551 737 3205 1153 355 415 64
10 212 32 13 3110 1182 2490 46 69 389 478 48 55 22 4
13 333 58 20 4027 2596 4752 116 141 586 828 133 145 24 13
15 141 77 28 2681 1283 655 179 61 210 475 197 47 70 9
20 293 147 43 5095 3733 2511 546 194 485 1158 435 144 138 21
11 107 28 27 1588 492 653 26 30 148 432 57 43 60 22
48 604 953 175 6889 19787 6834 11038 899 623 5979 4640 412 1444 174
4 33 3 3 394 37 86 0 4 47 40 2 7 2 0
9 102 29 7 1671 590 624 43 20 149 132 35 27 4 2
4 34 3 3 377 40 91 0 3 46 46 3 5 0 1
14 466 57 34 4486 2881 8752 92 409 737 1879 155 240 98 19
27 578 286 65 5874 10608 12289 1576 685 979 2634 1088 208 246 15
10 220 35 10 3200 1237 3273 59 87 395 485 44 42 15 2
25 542 247 53 5660 9119 11793 1278 610 949 2329 837 170 173 12
16 325 92 28 4419 3102 8375 249 153 590 1281 244 93 53 14
7 71 21 0 1293 378 353 35 24 104 0 0 0 0 0
15 156 76 29 2024 1435 1109 173 88 212 463 206 55 57 19
8 82 11 17 1206 168 387 5 17 97 290 15 41 21 15
43 535 812 91 8106 17565 4964 9114 754 729 2909 2764 244 422 41
12 190 37 29 2128 1331 3064 43 56 312 543 88 52 65 24
11 104 39 16 1614 659 413 57 40 155 235 77 33 26 5
6 68 8 7 973 145 393 3 9 98 141 9 18 5 3
10 126 30 15 2141 671 885 37 26 192 343 52 34 25 6
36 525 536 94 6764 13045 8592 4544 574 811 3682 2044 250 504 48
5 53 4 6 912 79 192 0 8 83 69 4 24 4 2
2 28 0 1 400 0 171 0 0 47 20 0 4 0 0
22 294 189 42 5385 4589 1786 847 222 472 879 565 131 109 19
5 86 4 6 1345 119 857 0 6 134 157 3 28 6 1
6 77 9 6 1137 221 568 5 15 129 102 6 16 9 0
18 272 125 28 4808 3241 1806 436 225 489 679 319 127 54 7
17 309 104 32 4258 3384 3850 307 185 499 894 278 148 83 12
13 216 61 17 3410 1735 2236 139 129 403 451 112 74 30 5
13 538 45 33 4183 2933 15694 50 414 928 2153 136 271 73 27
10 445 33 12 3642 2181 14531 41 410 920 788 65 108 11 3
12 383 41 25 3124 2056 12388 54 310 783 1381 95 78 58 13
10 441 21 24 3592 1588 14319 9 232 809 1547 53 185 35 23
11 464 36 19 4067 2472 14680 46 403 955 1132 72 115 42 5
10 462 32 13 3856 2215 14690 40 457 948 791 58 119 20 2
12 508 48 18 4020 3022 15060 84 515 945 1190 99 173 30 7
9 376 26 10 3344 1703 12946 31 263 820 679 39 50 11 3
12 485 48 18 4027 3051 14894 88 469 917 1030 88 158 40 4
14 531 57 34 4062 3410 15279 94 480 899 1997 158 268 86 26
12 416 42 24 3770 2359 12679 50 300 779 1349 108 134 54 8
12 413 48 18 3560 2581 12584 82 313 780 1076 101 130 32 5
12 352 46 20 3395 1961 10009 75 153 670 1365 96 120 43 6
10 323 32 13 2635 1493 11328 47 140 644 1020 46 57 23 4
10 302 29 16 2488 1251 10843 30 134 597 1103 57 48 28 5
14 356 56 35 3371 2375 10590 79 189 686 1665 174 105 87 24
13 291 57 21 3698 2285 5856 125 261 565 561 103 62 46 12
16 544 89 31 4239 4791 15250 218 492 836 1835 264 275 64 14
15 462 84 21 3500 4045 13670 234 313 812 1425 178 186 34 9
12 320 39 27 3444 1454 6276 47 254 600 1240 83 159 83 7
11 250 33 22 3154 1450 4161 40 71 431 774 71 67 35 19
50 580 1051 174 7398 19873 5808 13074 1066 617 5623 4886 396 1454 186
12 432 50 16 4739 2750 8646 101 444 779 804 84 155 29 6
6 239 11 4 2830 645 4886 8 111 512 246 8 41 4 0
8 366 22 6 3088 1566 13083 26 236 830 466 24 29 6 0
11 402 41 14 3211 2126 12842 64 341 820 1028 79 92 19 3
19 288 131 40 3805 2871 8215 434 227 567 1615 407 122 111 17
15 467 66 39 3863 3585 14167 111 435 880 1803 204 140 117 23
13 452 53 25 3771 3007 13714 95 439 867 1301 119 119 60 12
11 472 40 15 4118 2657 14843 62 427 974 997 73 106 28 2
10 411 35 10 3309 2087 13431 55 361 830 718 51 86 13 1
11 509 44 11 4049 3015 15718 82 478 945 805 69 157 12 2
5 289 8 2 2236 643 11651 5 117 628 245 4 17 1 0
9 277 23 13 3018 982 5930 23 177 549 694 33 93 26 2
11 242 38 17 3207 1592 4049 55 99 484 540 79 45 19 12
7 263 14 7 3051 870 4894 10 107 518 368 16 63 8 1
26 550 249 76 5816 8434 10845 1205 540 881 3526 1018 355 325 52
8 251 21 7 2418 910 8889 27 86 566 603 18 36 9 2
17 311 105 31 5635 2902 3874 324 404 631 1026 255 120 93 8
30 270 408 27 5521 6395 1960 3373 285 474 629 629 118 47 11
30 444 375 60 5968 9645 8542 2695 356 744 2159 1073 180 269 23
14 400 69 22 3597 3066 11080 155 264 744 1264 162 171 39 8
21 471 160 50 5700 6295 7395 608 512 822 1729 513 186 190 19
9 277 16 20 3308 666 5588 8 176 539 978 23 110 42 11
26 517 262 63 5698 9255 10342 1398 384 919 2560 918 171 258 26
6 144 7 8 2259 362 2253 3 51 310 202 6 27 7 4
15 295 67 38 3770 1651 8286 141 168 565 1947 149 98 150 15
18 276 127 26 4969 3420 2006 471 231 513 636 284 87 51 10
20 424 136 54 4682 4773 9473 437 336 735 2171 471 220 195 37
16 268 89 31 3544 2237 7192 244 118 485 1381 211 83 92 13
19 534 114 57 4977 5198 9142 274 459 702 2756 467 370 182 46
19 382 124 47 4369 4154 8776 394 201 682 1992 385 164 156 34
18 495 110 43 4900 4845 8415 323 474 730 2088 321 267 149 23
27 541 263 88 4886 9059 11819 1342 528 819 3379 1056 286 437 90
18 382 112 41 5166 3923 4367 320 294 683 1505 361 239 110 25
14 281 65 26 4221 2016 3490 150 125 527 1111 135 138 60 19
27 551 260 91 5050 9265 12135 1295 528 781 3371 1080 317 455 95
7 66 16 5 1174 244 269 16 23 89 72 14 17 4 1
12 270 50 16 2860 1807 7927 104 81 459 913 79 44 30 7
11 294 31 24 3527 1512 8378 36 76 525 1074 49 101 73 7
9 203 24 12 3127 852 3312 23 64 312 534 40 55 19 2
8 198 22 6 3106 899 3224 26 85 372 275 24 21 6 0
22 385 178 53 5634 5421 4341 695 321 580 1680 653 171 169 23
13 313 56 22 3894 2267 8245 102 114 551 1071 136 95 38 10
12 264 48 18 4187 1728 2838 87 152 517 696 88 88 43 2
12 290 56 10 3936 2269 4168 135 136 588 485 71 82 13 1
9 171 14 22 2404 495 1975 2 32 292 709 29 50 34 19
22 324 190 41 5967 4861 2389 844 334 409 1021 590 127 88 18
18 192 117 36 5007 2060 995 389 233 310 526 294 106 117 16
9 247 24 12 3216 1015 4278 28 151 565 493 31 83 22 3
9 241 18 18 2562 599 7558 8 29 455 1081 39 95 24 13
3 32 2 1 795 29 133 0 6 30 19 1 2 0 0
3 28 3 0 708 48 91 1 4 26 0 0 0 0 0
16 539 76 44 4721 3944 10179 148 542 720 2407 240 325 140 32
13 283 64 14 4174 2338 3803 170 104 533 654 84 98 26 6
22 508 161 70 5360 6070 8078 516 519 720 2880 698 340 276 50
11 220 35 20 2603 734 6976 53 60 358 1178 55 84 46 11
11 186 37 18 3144 1160 2050 52 76 373 446 70 51 37 6
7 112 12 9 2110 401 1095 9 27 227 171 10 23 13 3
8 206 19 9 2144 530 7352 19 80 411 646 22 53 13 2
16 268 88 32 4009 1464 6679 266 209 450 1938 160 100 114 20
12 356 52 14 3374 2430 10147 100 237 704 760 103 126 14 3
17 191 112 24 5228 1987 932 409 264 356 419 195 61 63 13
11 217 39 16 3024 667 6929 77 120 383 1161 34 51 52 2
5 72 9 1 1713 232 433 7 18 100 16 3 2 0 0
7 90 19 2 2176 444 508 25 25 104 26 10 10 0 0
7 197 13 8 1809 514 7545 5 72 397 432 22 46 6 2
11 266 28 27 2460 841 7765 26 40 457 1519 61 110 52 26
9 274 26 10 3483 1173 5488 32 135 484 629 35 60 16 1
6 117 11 4 1672 414 1371 8 12 271 123 8 12 4 0
9 259 28 8 3322 1255 4761 42 106 504 511 30 47 10 2
1 29 0 0 270 0 379 0 0 27 0 0 0 0 0
1 29 0 0 270 0 379 0 0 27 0 0 0 0 0
10 273 24 21 2765 842 7953 22 53 479 1305 43 102 40 15
22 331 177 54 3135 3794 7124 742 207 445 2369 558 187 198 42
8 168 21 7 1513 582 7194 23 21 336 506 24 23 9 0
5 185 6 4 1985 368 4133 1 39 365 226 6 34 3 0
5 179 6 4 2020 382 3791 1 34 374 204 6 31 3 0
8 179 17 11 1960 318 7046 14 43 330 785 21 32 18 3
5 195 5 5 1804 260 7749 1 15 440 420 4 35 4 1
2 140 0 1 811 0 7534 0 0 321 112 0 14 0 0
6 103 7 8 1922 207 846 2 7 174 204 6 45 10 2
12 315 48 18 2911 1815 9377 91 123 641 1178 85 113 37 7
6 284 8 7 2325 681 10006 2 70 649 437 10 81 6 2
9 246 20 16 2760 869 5329 18 137 509 679 25 73 36 5
10 234 31 14 3258 1130 4023 36 140 533 534 56 81 28 0
10 323 25 20 3087 1221 7058 24 215 567 918 42 169 44 10
6 177 7 8 2151 321 3633 1 23 346 400 7 59 11 1
7 143 16 5 2127 550 1912 15 52 344 168 15 18 5 0
1 29 0 0 444 0 346 0 0 60 0 0 0 0 0
6 236 9 6 2616 550 4925 3 73 510 364 10 60 7 0
4 236 5 1 1918 494 9537 2 60 621 28 2 33 0 0
5 246 9 1 1977 732 9573 7 79 630 28 3 33 0 0
3 220 2 1 1781 274 9441 0 36 597 28 1 33 0 0
5 242 8 2 1912 610 9432 4 63 604 140 6 46 0 0
4 232 4 2 1853 376 9396 0 44 595 140 4 46 0 0
5 242 8 2 1885 620 9435 4 58 601 140 6 46 0 0
8 168 18 10 1296 309 7027 19 29 301 741 15 34 21 1
12 210 48 18 2601 745 6779 103 93 362 1267 58 56 55 4
4 151 1 5 1166 7 7311 0 5 311 390 0 23 2 2
11 199 37 18 1918 503 6781 74 56 321 1251 28 62 55 8
5 154 3 7 1318 29 7196 0 9 304 513 2 28 5 3
10 180 30 15 1610 339 6755 48 40 294 1103 30 49 36 6
4 139 1 5 834 4 7236 0 4 304 375 0 15 2 2
11 105 46 9 3291 639 404 104 123 157 139 41 13 20 0
15 204 79 26 2360 890 6304 244 69 320 1708 96 60 103 12
11 68 49 6 2304 446 187 117 78 73 62 42 8 6 0
8 174 19 9 1048 359 7080 22 35 309 699 16 45 16 2
4 146 2 4 943 27 7287 0 1 307 371 1 19 2 1
3 150 2 1 851 136 7573 0 12 327 112 1 14 0 0
2 136 1 0 747 116 7598 0 10 322 0 0 0 0 0
6 202 4 11 1577 212 7776 0 18 396 646 4 58 8 8
8 224 14 14 2314 507 7532 8 25 439 871 20 70 20 8
16 285 102 18 2439 2443 7438 373 139 458 1352 126 101 57 4
1 126 0 0 701 0 7559 0 0 316 0 0 0 0 0
1 126 0 0 701 0 7559 0 0 316 0 0 0 0 0
1 126 0 0 701 0 7559 0 0 316 0 0 0 0 0
1 126 0 0 701 0 7559 0 0 316 0 0 0 0 0
1 126 0 0 701 0 7559 0 0 316 0 0 0 0 0
1 126 0 0 701 0 7559 0 0 316 0 0 0 0 0
1 126 0 0 701 0 7559 0 0 316 0 0 0 0 0
1 126 0 0 701 0 7559 0 0 316 0 0 0 0 0
1 126 0 0 701 0 7559 0 0 316 0 0 0 0 0
1 126 0 0 701 0 7559 0 0 316 0 0 0 0 0
1 29 0 0 270 0 379 0 0 27 0 0 0 0 0
1 29 0 0 270 0 379 0 0 27 0 0 0 0 0
